
**** Build of configuration Debug for project BaseProjectRTOS ****

make all 
Building file: ../src/cr_startup_lpc17.c
Invoking: MCU C Compiler
arm-none-eabi-gcc -D__NEWLIB__ -DDEBUG -D__CODE_RED -DPACK_STRUCT_END=__attribute\(\(packed\)\) -DGCC_ARMCM3 -I../src -I"/home/fanaur/RepositorioMercurial/trabajoprofesional/Codigo/workspaceLpc/CMSISv2p00_LPC17xx/inc" -I"/home/fanaur/RepositorioMercurial/trabajoprofesional/Codigo/workspaceLpc/libDriversMcuPeripherals/inc/Lib_EaBaseBoard" -I"/home/fanaur/RepositorioMercurial/trabajoprofesional/Codigo/workspaceLpc/libDriversMcuPeripherals/inc/Lib_MCU" -I../FreeRTOS_include -I../FreeRTOS_portable -O0 -g3 -Wall -c -fmessage-length=0 -fno-builtin -ffunction-sections -fdata-sections -mcpu=cortex-m3 -mthumb -MMD -MP -MF"src/cr_startup_lpc17.d" -MT"src/cr_startup_lpc17.d" -o"src/cr_startup_lpc17.o" "../src/cr_startup_lpc17.c"
Finished building: ../src/cr_startup_lpc17.c
 
Building file: ../src/main.c
Invoking: MCU C Compiler
arm-none-eabi-gcc -D__NEWLIB__ -DDEBUG -D__CODE_RED -DPACK_STRUCT_END=__attribute\(\(packed\)\) -DGCC_ARMCM3 -I../src -I"/home/fanaur/RepositorioMercurial/trabajoprofesional/Codigo/workspaceLpc/CMSISv2p00_LPC17xx/inc" -I"/home/fanaur/RepositorioMercurial/trabajoprofesional/Codigo/workspaceLpc/libDriversMcuPeripherals/inc/Lib_EaBaseBoard" -I"/home/fanaur/RepositorioMercurial/trabajoprofesional/Codigo/workspaceLpc/libDriversMcuPeripherals/inc/Lib_MCU" -I../FreeRTOS_include -I../FreeRTOS_portable -O0 -g3 -Wall -c -fmessage-length=0 -fno-builtin -ffunction-sections -fdata-sections -mcpu=cortex-m3 -mthumb -MMD -MP -MF"src/main.d" -MT"src/main.d" -o"src/main.o" "../src/main.c"
Finished building: ../src/main.c
 
Building file: ../FreeRTOS_src/croutine.c
Invoking: MCU C Compiler
arm-none-eabi-gcc -D__NEWLIB__ -DDEBUG -D__CODE_RED -DPACK_STRUCT_END=__attribute\(\(packed\)\) -DGCC_ARMCM3 -I../src -I"/home/fanaur/RepositorioMercurial/trabajoprofesional/Codigo/workspaceLpc/CMSISv2p00_LPC17xx/inc" -I"/home/fanaur/RepositorioMercurial/trabajoprofesional/Codigo/workspaceLpc/libDriversMcuPeripherals/inc/Lib_EaBaseBoard" -I"/home/fanaur/RepositorioMercurial/trabajoprofesional/Codigo/workspaceLpc/libDriversMcuPeripherals/inc/Lib_MCU" -I../FreeRTOS_include -I../FreeRTOS_portable -O0 -g3 -Wall -c -fmessage-length=0 -fno-builtin -ffunction-sections -fdata-sections -mcpu=cortex-m3 -mthumb -MMD -MP -MF"FreeRTOS_src/croutine.d" -MT"FreeRTOS_src/croutine.d" -o"FreeRTOS_src/croutine.o" "../FreeRTOS_src/croutine.c"
Finished building: ../FreeRTOS_src/croutine.c
 
Building file: ../FreeRTOS_src/list.c
Invoking: MCU C Compiler
arm-none-eabi-gcc -D__NEWLIB__ -DDEBUG -D__CODE_RED -DPACK_STRUCT_END=__attribute\(\(packed\)\) -DGCC_ARMCM3 -I../src -I"/home/fanaur/RepositorioMercurial/trabajoprofesional/Codigo/workspaceLpc/CMSISv2p00_LPC17xx/inc" -I"/home/fanaur/RepositorioMercurial/trabajoprofesional/Codigo/workspaceLpc/libDriversMcuPeripherals/inc/Lib_EaBaseBoard" -I"/home/fanaur/RepositorioMercurial/trabajoprofesional/Codigo/workspaceLpc/libDriversMcuPeripherals/inc/Lib_MCU" -I../FreeRTOS_include -I../FreeRTOS_portable -O0 -g3 -Wall -c -fmessage-length=0 -fno-builtin -ffunction-sections -fdata-sections -mcpu=cortex-m3 -mthumb -MMD -MP -MF"FreeRTOS_src/list.d" -MT"FreeRTOS_src/list.d" -o"FreeRTOS_src/list.o" "../FreeRTOS_src/list.c"
Finished building: ../FreeRTOS_src/list.c
 
Building file: ../FreeRTOS_src/queue.c
Invoking: MCU C Compiler
arm-none-eabi-gcc -D__NEWLIB__ -DDEBUG -D__CODE_RED -DPACK_STRUCT_END=__attribute\(\(packed\)\) -DGCC_ARMCM3 -I../src -I"/home/fanaur/RepositorioMercurial/trabajoprofesional/Codigo/workspaceLpc/CMSISv2p00_LPC17xx/inc" -I"/home/fanaur/RepositorioMercurial/trabajoprofesional/Codigo/workspaceLpc/libDriversMcuPeripherals/inc/Lib_EaBaseBoard" -I"/home/fanaur/RepositorioMercurial/trabajoprofesional/Codigo/workspaceLpc/libDriversMcuPeripherals/inc/Lib_MCU" -I../FreeRTOS_include -I../FreeRTOS_portable -O0 -g3 -Wall -c -fmessage-length=0 -fno-builtin -ffunction-sections -fdata-sections -mcpu=cortex-m3 -mthumb -MMD -MP -MF"FreeRTOS_src/queue.d" -MT"FreeRTOS_src/queue.d" -o"FreeRTOS_src/queue.o" "../FreeRTOS_src/queue.c"
Finished building: ../FreeRTOS_src/queue.c
 
Building file: ../FreeRTOS_src/tasks.c
Invoking: MCU C Compiler
arm-none-eabi-gcc -D__NEWLIB__ -DDEBUG -D__CODE_RED -DPACK_STRUCT_END=__attribute\(\(packed\)\) -DGCC_ARMCM3 -I../src -I"/home/fanaur/RepositorioMercurial/trabajoprofesional/Codigo/workspaceLpc/CMSISv2p00_LPC17xx/inc" -I"/home/fanaur/RepositorioMercurial/trabajoprofesional/Codigo/workspaceLpc/libDriversMcuPeripherals/inc/Lib_EaBaseBoard" -I"/home/fanaur/RepositorioMercurial/trabajoprofesional/Codigo/workspaceLpc/libDriversMcuPeripherals/inc/Lib_MCU" -I../FreeRTOS_include -I../FreeRTOS_portable -O0 -g3 -Wall -c -fmessage-length=0 -fno-builtin -ffunction-sections -fdata-sections -mcpu=cortex-m3 -mthumb -MMD -MP -MF"FreeRTOS_src/tasks.d" -MT"FreeRTOS_src/tasks.d" -o"FreeRTOS_src/tasks.o" "../FreeRTOS_src/tasks.c"
Finished building: ../FreeRTOS_src/tasks.c
 
Building file: ../FreeRTOS_src/timers.c
Invoking: MCU C Compiler
arm-none-eabi-gcc -D__NEWLIB__ -DDEBUG -D__CODE_RED -DPACK_STRUCT_END=__attribute\(\(packed\)\) -DGCC_ARMCM3 -I../src -I"/home/fanaur/RepositorioMercurial/trabajoprofesional/Codigo/workspaceLpc/CMSISv2p00_LPC17xx/inc" -I"/home/fanaur/RepositorioMercurial/trabajoprofesional/Codigo/workspaceLpc/libDriversMcuPeripherals/inc/Lib_EaBaseBoard" -I"/home/fanaur/RepositorioMercurial/trabajoprofesional/Codigo/workspaceLpc/libDriversMcuPeripherals/inc/Lib_MCU" -I../FreeRTOS_include -I../FreeRTOS_portable -O0 -g3 -Wall -c -fmessage-length=0 -fno-builtin -ffunction-sections -fdata-sections -mcpu=cortex-m3 -mthumb -MMD -MP -MF"FreeRTOS_src/timers.d" -MT"FreeRTOS_src/timers.d" -o"FreeRTOS_src/timers.o" "../FreeRTOS_src/timers.c"
Finished building: ../FreeRTOS_src/timers.c
 
Building file: ../FreeRTOS_portable/port.c
Invoking: MCU C Compiler
arm-none-eabi-gcc -D__NEWLIB__ -DDEBUG -D__CODE_RED -DPACK_STRUCT_END=__attribute\(\(packed\)\) -DGCC_ARMCM3 -I../src -I"/home/fanaur/RepositorioMercurial/trabajoprofesional/Codigo/workspaceLpc/CMSISv2p00_LPC17xx/inc" -I"/home/fanaur/RepositorioMercurial/trabajoprofesional/Codigo/workspaceLpc/libDriversMcuPeripherals/inc/Lib_EaBaseBoard" -I"/home/fanaur/RepositorioMercurial/trabajoprofesional/Codigo/workspaceLpc/libDriversMcuPeripherals/inc/Lib_MCU" -I../FreeRTOS_include -I../FreeRTOS_portable -O0 -g3 -Wall -c -fmessage-length=0 -fno-builtin -ffunction-sections -fdata-sections -mcpu=cortex-m3 -mthumb -MMD -MP -MF"FreeRTOS_portable/port.d" -MT"FreeRTOS_portable/port.d" -o"FreeRTOS_portable/port.o" "../FreeRTOS_portable/port.c"
Finished building: ../FreeRTOS_portable/port.c
 
Building file: ../FreeRTOS_portable/MemMang/heap_2.c
Invoking: MCU C Compiler
arm-none-eabi-gcc -D__NEWLIB__ -DDEBUG -D__CODE_RED -DPACK_STRUCT_END=__attribute\(\(packed\)\) -DGCC_ARMCM3 -I../src -I"/home/fanaur/RepositorioMercurial/trabajoprofesional/Codigo/workspaceLpc/CMSISv2p00_LPC17xx/inc" -I"/home/fanaur/RepositorioMercurial/trabajoprofesional/Codigo/workspaceLpc/libDriversMcuPeripherals/inc/Lib_EaBaseBoard" -I"/home/fanaur/RepositorioMercurial/trabajoprofesional/Codigo/workspaceLpc/libDriversMcuPeripherals/inc/Lib_MCU" -I../FreeRTOS_include -I../FreeRTOS_portable -O0 -g3 -Wall -c -fmessage-length=0 -fno-builtin -ffunction-sections -fdata-sections -mcpu=cortex-m3 -mthumb -MMD -MP -MF"FreeRTOS_portable/MemMang/heap_2.d" -MT"FreeRTOS_portable/MemMang/heap_2.d" -o"FreeRTOS_portable/MemMang/heap_2.o" "../FreeRTOS_portable/MemMang/heap_2.c"
Finished building: ../FreeRTOS_portable/MemMang/heap_2.c
 
Building target: BaseProjectRTOS.axf
Invoking: MCU Linker
arm-none-eabi-gcc -nostdlib -L"/home/fanaur/RepositorioMercurial/trabajoprofesional/Codigo/workspaceLpc/libDriversMcuPeripherals/Debug" -L"/home/fanaur/RepositorioMercurial/trabajoprofesional/Codigo/workspaceLpc/CMSISv2p00_LPC17xx/Debug" -Xlinker -Map="BaseProjectRTOS.map" -Xlinker --gc-sections -mcpu=cortex-m3 -mthumb -T "BaseProjectRTOS_Debug.ld" -o"BaseProjectRTOS.axf"  ./src/cr_startup_lpc17.o ./src/main.o  ./FreeRTOS_src/croutine.o ./FreeRTOS_src/list.o ./FreeRTOS_src/queue.o ./FreeRTOS_src/tasks.o ./FreeRTOS_src/timers.o  ./FreeRTOS_portable/port.o  ./FreeRTOS_portable/MemMang/heap_2.o   -lDriversMcuPeripherals -lCMSISv2p00_LPC17xx
Finished building target: BaseProjectRTOS.axf
 
make --no-print-directory post-build
Performing post-build steps
arm-none-eabi-size "BaseProjectRTOS.axf"; # arm-none-eabi-objcopy -O binary "BaseProjectRTOS.axf" "BaseProjectRTOS.bin" ; checksum -p LPC1769 -d "BaseProjectRTOS.bin";
   text	   data	    bss	    dec	    hex	filename
   5312	     16	  19748	  25076	   61f4	BaseProjectRTOS.axf
 
