
**** Build of configuration Debug for project SMCD ****

make all 
Building file: ../src/cmdPcCom.c
Invoking: MCU C Compiler
arm-none-eabi-gcc -D__NEWLIB__ -DDEBUG -D__CODE_RED -DPACK_STRUCT_END=__attribute\(\(packed\)\) -DGCC_ARMCM3 -I"/home/fanaur/RepositoriosMercurial/trabajoprofesional/Codigo/workspaceLpc/CMSISv2p00_LPC17xx/inc" -I"/home/fanaur/RepositoriosMercurial/trabajoprofesional/Codigo/workspaceLpc/SMCD/src/Tasks/SdCard/lib_FatFS/inc" -I"/home/fanaur/RepositoriosMercurial/trabajoprofesional/Codigo/workspaceLpc/SMCD/src/Tasks/SdCard" -I"/home/fanaur/RepositoriosMercurial/trabajoprofesional/Codigo/workspaceLpc/SMCD/src/Tasks/SerialMemory" -I"/home/fanaur/RepositoriosMercurial/trabajoprofesional/Codigo/workspaceLpc/SMCD/src/Tasks/Adc" -I"/home/fanaur/RepositoriosMercurial/trabajoprofesional/Codigo/workspaceLpc/libDriversMcuPeripherals/inc/Lib_MCU" -I"/home/fanaur/RepositoriosMercurial/trabajoprofesional/Codigo/workspaceLpc/libDriversMcuPeripherals/inc/Lib_EaBaseBoard" -I"/home/fanaur/RepositoriosMercurial/trabajoprofesional/Codigo/workspaceLpc/SMCD/src" -I"/home/fanaur/RepositoriosMercurial/trabajoprofesional/Codigo/workspaceLpc/SMCD/src/Tasks" -I"/home/fanaur/RepositoriosMercurial/trabajoprofesional/Codigo/workspaceLpc/SMCD/FreeRTOS_include" -I"/home/fanaur/RepositoriosMercurial/trabajoprofesional/Codigo/workspaceLpc/SMCD/FreeRTOS_portable" -O0 -g3 -Wall -c -fmessage-length=0 -fno-builtin -ffunction-sections -fdata-sections -mcpu=cortex-m3 -mthumb -MMD -MP -MF"src/cmdPcCom.d" -MT"src/cmdPcCom.d" -o"src/cmdPcCom.o" "../src/cmdPcCom.c"
Finished building: ../src/cmdPcCom.c
 
Building file: ../src/cr_startup_lpc17.c
Invoking: MCU C Compiler
arm-none-eabi-gcc -D__NEWLIB__ -DDEBUG -D__CODE_RED -DPACK_STRUCT_END=__attribute\(\(packed\)\) -DGCC_ARMCM3 -I"/home/fanaur/RepositoriosMercurial/trabajoprofesional/Codigo/workspaceLpc/CMSISv2p00_LPC17xx/inc" -I"/home/fanaur/RepositoriosMercurial/trabajoprofesional/Codigo/workspaceLpc/SMCD/src/Tasks/SdCard/lib_FatFS/inc" -I"/home/fanaur/RepositoriosMercurial/trabajoprofesional/Codigo/workspaceLpc/SMCD/src/Tasks/SdCard" -I"/home/fanaur/RepositoriosMercurial/trabajoprofesional/Codigo/workspaceLpc/SMCD/src/Tasks/SerialMemory" -I"/home/fanaur/RepositoriosMercurial/trabajoprofesional/Codigo/workspaceLpc/SMCD/src/Tasks/Adc" -I"/home/fanaur/RepositoriosMercurial/trabajoprofesional/Codigo/workspaceLpc/libDriversMcuPeripherals/inc/Lib_MCU" -I"/home/fanaur/RepositoriosMercurial/trabajoprofesional/Codigo/workspaceLpc/libDriversMcuPeripherals/inc/Lib_EaBaseBoard" -I"/home/fanaur/RepositoriosMercurial/trabajoprofesional/Codigo/workspaceLpc/SMCD/src" -I"/home/fanaur/RepositoriosMercurial/trabajoprofesional/Codigo/workspaceLpc/SMCD/src/Tasks" -I"/home/fanaur/RepositoriosMercurial/trabajoprofesional/Codigo/workspaceLpc/SMCD/FreeRTOS_include" -I"/home/fanaur/RepositoriosMercurial/trabajoprofesional/Codigo/workspaceLpc/SMCD/FreeRTOS_portable" -O0 -g3 -Wall -c -fmessage-length=0 -fno-builtin -ffunction-sections -fdata-sections -mcpu=cortex-m3 -mthumb -MMD -MP -MF"src/cr_startup_lpc17.d" -MT"src/cr_startup_lpc17.d" -o"src/cr_startup_lpc17.o" "../src/cr_startup_lpc17.c"
Finished building: ../src/cr_startup_lpc17.c
 
Building file: ../src/main.c
Invoking: MCU C Compiler
arm-none-eabi-gcc -D__NEWLIB__ -DDEBUG -D__CODE_RED -DPACK_STRUCT_END=__attribute\(\(packed\)\) -DGCC_ARMCM3 -I"/home/fanaur/RepositoriosMercurial/trabajoprofesional/Codigo/workspaceLpc/CMSISv2p00_LPC17xx/inc" -I"/home/fanaur/RepositoriosMercurial/trabajoprofesional/Codigo/workspaceLpc/SMCD/src/Tasks/SdCard/lib_FatFS/inc" -I"/home/fanaur/RepositoriosMercurial/trabajoprofesional/Codigo/workspaceLpc/SMCD/src/Tasks/SdCard" -I"/home/fanaur/RepositoriosMercurial/trabajoprofesional/Codigo/workspaceLpc/SMCD/src/Tasks/SerialMemory" -I"/home/fanaur/RepositoriosMercurial/trabajoprofesional/Codigo/workspaceLpc/SMCD/src/Tasks/Adc" -I"/home/fanaur/RepositoriosMercurial/trabajoprofesional/Codigo/workspaceLpc/libDriversMcuPeripherals/inc/Lib_MCU" -I"/home/fanaur/RepositoriosMercurial/trabajoprofesional/Codigo/workspaceLpc/libDriversMcuPeripherals/inc/Lib_EaBaseBoard" -I"/home/fanaur/RepositoriosMercurial/trabajoprofesional/Codigo/workspaceLpc/SMCD/src" -I"/home/fanaur/RepositoriosMercurial/trabajoprofesional/Codigo/workspaceLpc/SMCD/src/Tasks" -I"/home/fanaur/RepositoriosMercurial/trabajoprofesional/Codigo/workspaceLpc/SMCD/FreeRTOS_include" -I"/home/fanaur/RepositoriosMercurial/trabajoprofesional/Codigo/workspaceLpc/SMCD/FreeRTOS_portable" -O0 -g3 -Wall -c -fmessage-length=0 -fno-builtin -ffunction-sections -fdata-sections -mcpu=cortex-m3 -mthumb -MMD -MP -MF"src/main.d" -MT"src/main.d" -o"src/main.o" "../src/main.c"
../src/Tasks/SdCard/taskSdCard.h:20:13: warning: 'SetSPIClocks' declared 'static' but never defined
Finished building: ../src/main.c
 
Building file: ../src/Tasks/SerialMemory/taskSerialMemory.c
../src/Tasks/SdCard/taskSdCard.h:35:13: warning: 'set_timeout' declared 'static' but never defined
Invoking: MCU C Compiler
arm-none-eabi-gcc -D__NEWLIB__ -DDEBUG -D__CODE_RED -DPACK_STRUCT_END=__attribute\(\(packed\)\) -DGCC_ARMCM3 -I"/home/fanaur/RepositoriosMercurial/trabajoprofesional/Codigo/workspaceLpc/CMSISv2p00_LPC17xx/inc" -I"/home/fanaur/RepositoriosMercurial/trabajoprofesional/Codigo/workspaceLpc/SMCD/src/Tasks/SdCard/lib_FatFS/inc" -I"/home/fanaur/RepositoriosMercurial/trabajoprofesional/Codigo/workspaceLpc/SMCD/src/Tasks/SdCard" -I"/home/fanaur/RepositoriosMercurial/trabajoprofesional/Codigo/workspaceLpc/SMCD/src/Tasks/SerialMemory" -I"/home/fanaur/RepositoriosMercurial/trabajoprofesional/Codigo/workspaceLpc/SMCD/src/Tasks/Adc" -I"/home/fanaur/RepositoriosMercurial/trabajoprofesional/Codigo/workspaceLpc/libDriversMcuPeripherals/inc/Lib_MCU" -I"/home/fanaur/RepositoriosMercurial/trabajoprofesional/Codigo/workspaceLpc/libDriversMcuPeripherals/inc/Lib_EaBaseBoard" -I"/home/fanaur/RepositoriosMercurial/trabajoprofesional/Codigo/workspaceLpc/SMCD/src" -I"/home/fanaur/RepositoriosMercurial/trabajoprofesional/Codigo/workspaceLpc/SMCD/src/Tasks" -I"/home/fanaur/RepositoriosMercurial/trabajoprofesional/Codigo/workspaceLpc/SMCD/FreeRTOS_include" -I"/home/fanaur/RepositoriosMercurial/trabajoprofesional/Codigo/workspaceLpc/SMCD/FreeRTOS_portable" -O0 -g3 -Wall -c -fmessage-length=0 -fno-builtin -ffunction-sections -fdata-sections -mcpu=cortex-m3 -mthumb -MMD -MP -MF"src/Tasks/SerialMemory/taskSerialMemory.d" -MT"src/Tasks/SerialMemory/taskSerialMemory.d" -o"src/Tasks/SerialMemory/taskSerialMemory.o" "../src/Tasks/SerialMemory/taskSerialMemory.c"
Finished building: ../src/Tasks/SerialMemory/taskSerialMemory.c
 
Building file: ../src/Tasks/SdCard/FatFS_support.c
Invoking: MCU C Compiler
arm-none-eabi-gcc -D__NEWLIB__ -DDEBUG -D__CODE_RED -DPACK_STRUCT_END=__attribute\(\(packed\)\) -DGCC_ARMCM3 -I"/home/fanaur/RepositoriosMercurial/trabajoprofesional/Codigo/workspaceLpc/CMSISv2p00_LPC17xx/inc" -I"/home/fanaur/RepositoriosMercurial/trabajoprofesional/Codigo/workspaceLpc/SMCD/src/Tasks/SdCard/lib_FatFS/inc" -I"/home/fanaur/RepositoriosMercurial/trabajoprofesional/Codigo/workspaceLpc/SMCD/src/Tasks/SdCard" -I"/home/fanaur/RepositoriosMercurial/trabajoprofesional/Codigo/workspaceLpc/SMCD/src/Tasks/SerialMemory" -I"/home/fanaur/RepositoriosMercurial/trabajoprofesional/Codigo/workspaceLpc/SMCD/src/Tasks/Adc" -I"/home/fanaur/RepositoriosMercurial/trabajoprofesional/Codigo/workspaceLpc/libDriversMcuPeripherals/inc/Lib_MCU" -I"/home/fanaur/RepositoriosMercurial/trabajoprofesional/Codigo/workspaceLpc/libDriversMcuPeripherals/inc/Lib_EaBaseBoard" -I"/home/fanaur/RepositoriosMercurial/trabajoprofesional/Codigo/workspaceLpc/SMCD/src" -I"/home/fanaur/RepositoriosMercurial/trabajoprofesional/Codigo/workspaceLpc/SMCD/src/Tasks" -I"/home/fanaur/RepositoriosMercurial/trabajoprofesional/Codigo/workspaceLpc/SMCD/FreeRTOS_include" -I"/home/fanaur/RepositoriosMercurial/trabajoprofesional/Codigo/workspaceLpc/SMCD/FreeRTOS_portable" -O0 -g3 -Wall -c -fmessage-length=0 -fno-builtin -ffunction-sections -fdata-sections -mcpu=cortex-m3 -mthumb -MMD -MP -MF"src/Tasks/SdCard/FatFS_support.d" -MT"src/Tasks/SdCard/FatFS_support.d" -o"src/Tasks/SdCard/FatFS_support.o" "../src/Tasks/SdCard/FatFS_support.c"
../src/Tasks/SdCard/taskSdCard.h:43:13: warning: 'show_dir' declared 'static' but never defined
../src/Tasks/SdCard/taskSdCard.h:51:13: warning: 'write_file' declared 'static' but never defined
../src/Tasks/SdCard/taskSdCard.h:59:13: warning: 'read_file' declared 'static' but never defined
../src/Tasks/SdCard/taskSdCard.h:61:13: warning: 'write_log' declared 'static' but never defined
../src/Tasks/SdCard/taskSdCard.h:63:13: warning: 'type_file' declared 'static' but never defined
../src/Tasks/SdCard/taskSdCard.h:65:13: warning: 'delete_file' declared 'static' but never defined
Finished building: ../src/Tasks/SdCard/FatFS_support.c
 
Building file: ../src/Tasks/SdCard/ff.c
Invoking: MCU C Compiler
arm-none-eabi-gcc -D__NEWLIB__ -DDEBUG -D__CODE_RED -DPACK_STRUCT_END=__attribute\(\(packed\)\) -DGCC_ARMCM3 -I"/home/fanaur/RepositoriosMercurial/trabajoprofesional/Codigo/workspaceLpc/CMSISv2p00_LPC17xx/inc" -I"/home/fanaur/RepositoriosMercurial/trabajoprofesional/Codigo/workspaceLpc/SMCD/src/Tasks/SdCard/lib_FatFS/inc" -I"/home/fanaur/RepositoriosMercurial/trabajoprofesional/Codigo/workspaceLpc/SMCD/src/Tasks/SdCard" -I"/home/fanaur/RepositoriosMercurial/trabajoprofesional/Codigo/workspaceLpc/SMCD/src/Tasks/SerialMemory" -I"/home/fanaur/RepositoriosMercurial/trabajoprofesional/Codigo/workspaceLpc/SMCD/src/Tasks/Adc" -I"/home/fanaur/RepositoriosMercurial/trabajoprofesional/Codigo/workspaceLpc/libDriversMcuPeripherals/inc/Lib_MCU" -I"/home/fanaur/RepositoriosMercurial/trabajoprofesional/Codigo/workspaceLpc/libDriversMcuPeripherals/inc/Lib_EaBaseBoard" -I"/home/fanaur/RepositoriosMercurial/trabajoprofesional/Codigo/workspaceLpc/SMCD/src" -I"/home/fanaur/RepositoriosMercurial/trabajoprofesional/Codigo/workspaceLpc/SMCD/src/Tasks" -I"/home/fanaur/RepositoriosMercurial/trabajoprofesional/Codigo/workspaceLpc/SMCD/FreeRTOS_include" -I"/home/fanaur/RepositoriosMercurial/trabajoprofesional/Codigo/workspaceLpc/SMCD/FreeRTOS_portable" -O0 -g3 -Wall -c -fmessage-length=0 -fno-builtin -ffunction-sections -fdata-sections -mcpu=cortex-m3 -mthumb -MMD -MP -MF"src/Tasks/SdCard/ff.d" -MT"src/Tasks/SdCard/ff.d" -o"src/Tasks/SdCard/ff.o" "../src/Tasks/SdCard/ff.c"
../src/Tasks/SdCard/ff.c: In function 'f_open':
../src/Tasks/SdCard/ff.c:2296:4: warning: 'dw' may be used uninitialized in this function
../src/Tasks/SdCard/ff.c: In function 'f_sync':
../src/Tasks/SdCard/ff.c:2614:5: warning: 'tim' may be used uninitialized in this function
Finished building: ../src/Tasks/SdCard/ff.c
 
Building file: ../src/Tasks/SdCard/mmc.c
Invoking: MCU C Compiler
arm-none-eabi-gcc -D__NEWLIB__ -DDEBUG -D__CODE_RED -DPACK_STRUCT_END=__attribute\(\(packed\)\) -DGCC_ARMCM3 -I"/home/fanaur/RepositoriosMercurial/trabajoprofesional/Codigo/workspaceLpc/CMSISv2p00_LPC17xx/inc" -I"/home/fanaur/RepositoriosMercurial/trabajoprofesional/Codigo/workspaceLpc/SMCD/src/Tasks/SdCard/lib_FatFS/inc" -I"/home/fanaur/RepositoriosMercurial/trabajoprofesional/Codigo/workspaceLpc/SMCD/src/Tasks/SdCard" -I"/home/fanaur/RepositoriosMercurial/trabajoprofesional/Codigo/workspaceLpc/SMCD/src/Tasks/SerialMemory" -I"/home/fanaur/RepositoriosMercurial/trabajoprofesional/Codigo/workspaceLpc/SMCD/src/Tasks/Adc" -I"/home/fanaur/RepositoriosMercurial/trabajoprofesional/Codigo/workspaceLpc/libDriversMcuPeripherals/inc/Lib_MCU" -I"/home/fanaur/RepositoriosMercurial/trabajoprofesional/Codigo/workspaceLpc/libDriversMcuPeripherals/inc/Lib_EaBaseBoard" -I"/home/fanaur/RepositoriosMercurial/trabajoprofesional/Codigo/workspaceLpc/SMCD/src" -I"/home/fanaur/RepositoriosMercurial/trabajoprofesional/Codigo/workspaceLpc/SMCD/src/Tasks" -I"/home/fanaur/RepositoriosMercurial/trabajoprofesional/Codigo/workspaceLpc/SMCD/FreeRTOS_include" -I"/home/fanaur/RepositoriosMercurial/trabajoprofesional/Codigo/workspaceLpc/SMCD/FreeRTOS_portable" -O0 -g3 -Wall -c -fmessage-length=0 -fno-builtin -ffunction-sections -fdata-sections -mcpu=cortex-m3 -mthumb -MMD -MP -MF"src/Tasks/SdCard/mmc.d" -MT"src/Tasks/SdCard/mmc.d" -o"src/Tasks/SdCard/mmc.o" "../src/Tasks/SdCard/mmc.c"
Finished building: ../src/Tasks/SdCard/mmc.c
 
Building file: ../src/Tasks/SdCard/taskSdCard.c
Invoking: MCU C Compiler
arm-none-eabi-gcc -D__NEWLIB__ -DDEBUG -D__CODE_RED -DPACK_STRUCT_END=__attribute\(\(packed\)\) -DGCC_ARMCM3 -I"/home/fanaur/RepositoriosMercurial/trabajoprofesional/Codigo/workspaceLpc/CMSISv2p00_LPC17xx/inc" -I"/home/fanaur/RepositoriosMercurial/trabajoprofesional/Codigo/workspaceLpc/SMCD/src/Tasks/SdCard/lib_FatFS/inc" -I"/home/fanaur/RepositoriosMercurial/trabajoprofesional/Codigo/workspaceLpc/SMCD/src/Tasks/SdCard" -I"/home/fanaur/RepositoriosMercurial/trabajoprofesional/Codigo/workspaceLpc/SMCD/src/Tasks/SerialMemory" -I"/home/fanaur/RepositoriosMercurial/trabajoprofesional/Codigo/workspaceLpc/SMCD/src/Tasks/Adc" -I"/home/fanaur/RepositoriosMercurial/trabajoprofesional/Codigo/workspaceLpc/libDriversMcuPeripherals/inc/Lib_MCU" -I"/home/fanaur/RepositoriosMercurial/trabajoprofesional/Codigo/workspaceLpc/libDriversMcuPeripherals/inc/Lib_EaBaseBoard" -I"/home/fanaur/RepositoriosMercurial/trabajoprofesional/Codigo/workspaceLpc/SMCD/src" -I"/home/fanaur/RepositoriosMercurial/trabajoprofesional/Codigo/workspaceLpc/SMCD/src/Tasks" -I"/home/fanaur/RepositoriosMercurial/trabajoprofesional/Codigo/workspaceLpc/SMCD/FreeRTOS_include" -I"/home/fanaur/RepositoriosMercurial/trabajoprofesional/Codigo/workspaceLpc/SMCD/FreeRTOS_portable" -O0 -g3 -Wall -c -fmessage-length=0 -fno-builtin -ffunction-sections -fdata-sections -mcpu=cortex-m3 -mthumb -MMD -MP -MF"src/Tasks/SdCard/taskSdCard.d" -MT"src/Tasks/SdCard/taskSdCard.d" -o"src/Tasks/SdCard/taskSdCard.o" "../src/Tasks/SdCard/taskSdCard.c"
../src/Tasks/SdCard/taskSdCard.c: In function 'write_file':
../src/Tasks/SdCard/taskSdCard.c:186:2: warning: pointer targets in passing argument 1 of 'sprintf' differ in signedness
/usr/local/lpcxpresso_4.2.0_224/lpcxpresso/tools/bin/../lib/gcc/arm-none-eabi/4.5.1/../../../../arm-none-eabi/include/newlib_inc/stdio.h:262:5: note: expected 'char *' but argument is of type 'uint8_t *'
../src/Tasks/SdCard/taskSdCard.c:187:2: warning: pointer targets in passing argument 1 of 'strlen' differ in signedness
/usr/local/lpcxpresso_4.2.0_224/lpcxpresso/tools/bin/../lib/gcc/arm-none-eabi/4.5.1/../../../../arm-none-eabi/include/newlib_inc/string.h:34:9: note: expected 'const char *' but argument is of type 'uint8_t *'
../src/Tasks/SdCard/taskSdCard.c:179:14: warning: unused variable 'idx'
../src/Tasks/SdCard/taskSdCard.c:179:11: warning: unused variable 'i'
../src/Tasks/SdCard/taskSdCard.c: In function 'taskSdCard':
../src/Tasks/SdCard/taskSdCard.c:473:2: warning: pointer targets in passing argument 1 of 'sprintf' differ in signedness
/usr/local/lpcxpresso_4.2.0_224/lpcxpresso/tools/bin/../lib/gcc/arm-none-eabi/4.5.1/../../../../arm-none-eabi/include/newlib_inc/stdio.h:262:5: note: expected 'char *' but argument is of type 'uint8_t *'
../src/Tasks/SdCard/taskSdCard.c:474:2: warning: pointer targets in passing argument 1 of 'strlen' differ in signedness
/usr/local/lpcxpresso_4.2.0_224/lpcxpresso/tools/bin/../lib/gcc/arm-none-eabi/4.5.1/../../../../arm-none-eabi/include/newlib_inc/string.h:34:9: note: expected 'const char *' but argument is of type 'uint8_t *'
../src/Tasks/SdCard/taskSdCard.c:503:4: warning: pointer targets in passing argument 1 of 'sprintf' differ in signedness
/usr/local/lpcxpresso_4.2.0_224/lpcxpresso/tools/bin/../lib/gcc/arm-none-eabi/4.5.1/../../../../arm-none-eabi/include/newlib_inc/stdio.h:262:5: note: expected 'char *' but argument is of type 'uint8_t *'
Finished building: ../src/Tasks/SdCard/taskSdCard.c
../src/Tasks/SdCard/taskSdCard.c:503:4: warning: format '%d' expects type 'int', but argument 3 has type 'uint32_t'
 
../src/Tasks/SdCard/taskSdCard.c:503:4: warning: format '%d' expects type 'int', but argument 4 has type 'uint32_t'
Building file: ../src/Tasks/SdCard/option/syscall.c
../src/Tasks/SdCard/taskSdCard.c:503:4: warning: format '%d' expects type 'int', but argument 5 has type 'uint32_t'
Invoking: MCU C Compiler
../src/Tasks/SdCard/taskSdCard.c:503:4: warning: format '%d' expects type 'int', but argument 6 has type 'uint32_t'
arm-none-eabi-gcc -D__NEWLIB__ -DDEBUG -D__CODE_RED -DPACK_STRUCT_END=__attribute\(\(packed\)\) -DGCC_ARMCM3 -I"/home/fanaur/RepositoriosMercurial/trabajoprofesional/Codigo/workspaceLpc/CMSISv2p00_LPC17xx/inc" -I"/home/fanaur/RepositoriosMercurial/trabajoprofesional/Codigo/workspaceLpc/SMCD/src/Tasks/SdCard/lib_FatFS/inc" -I"/home/fanaur/RepositoriosMercurial/trabajoprofesional/Codigo/workspaceLpc/SMCD/src/Tasks/SdCard" -I"/home/fanaur/RepositoriosMercurial/trabajoprofesional/Codigo/workspaceLpc/SMCD/src/Tasks/SerialMemory" -I"/home/fanaur/RepositoriosMercurial/trabajoprofesional/Codigo/workspaceLpc/SMCD/src/Tasks/Adc" -I"/home/fanaur/RepositoriosMercurial/trabajoprofesional/Codigo/workspaceLpc/libDriversMcuPeripherals/inc/Lib_MCU" -I"/home/fanaur/RepositoriosMercurial/trabajoprofesional/Codigo/workspaceLpc/libDriversMcuPeripherals/inc/Lib_EaBaseBoard" -I"/home/fanaur/RepositoriosMercurial/trabajoprofesional/Codigo/workspaceLpc/SMCD/src" -I"/home/fanaur/RepositoriosMercurial/trabajoprofesional/Codigo/workspaceLpc/SMCD/src/Tasks" -I"/home/fanaur/RepositoriosMercurial/trabajoprofesional/Codigo/workspaceLpc/SMCD/FreeRTOS_include" -I"/home/fanaur/RepositoriosMercurial/trabajoprofesional/Codigo/workspaceLpc/SMCD/FreeRTOS_portable" -O0 -g3 -Wall -c -fmessage-length=0 -fno-builtin -ffunction-sections -fdata-sections -mcpu=cortex-m3 -mthumb -MMD -MP -MF"src/Tasks/SdCard/option/syscall.d" -MT"src/Tasks/SdCard/option/syscall.d" -o"src/Tasks/SdCard/option/syscall.o" "../src/Tasks/SdCard/option/syscall.c"
../src/Tasks/SdCard/taskSdCard.c:503:4: warning: format '%d' expects type 'int', but argument 7 has type 'uint32_t'
../src/Tasks/SdCard/taskSdCard.c:505:4: warning: pointer targets in passing argument 1 of 'strlen' differ in signedness
/usr/local/lpcxpresso_4.2.0_224/lpcxpresso/tools/bin/../lib/gcc/arm-none-eabi/4.5.1/../../../../arm-none-eabi/include/newlib_inc/string.h:34:9: note: expected 'const char *' but argument is of type 'uint8_t *'
../src/Tasks/SdCard/taskSdCard.c:534:2: warning: 'return' with a value, in function returning void
../src/Tasks/SdCard/taskSdCard.c:443:14: warning: unused variable 'idx'
../src/Tasks/SdCard/taskSdCard.c:443:11: warning: unused variable 'i'
../src/Tasks/SdCard/taskSdCard.c: At top level:
../src/Tasks/SdCard/taskSdCard.c:110:13: warning: 'set_timeout' defined but not used
../src/Tasks/SdCard/taskSdCard.c:137:13: warning: 'show_dir' defined but not used
../src/Tasks/SdCard/taskSdCard.c:174:13: warning: 'write_file' defined but not used
../src/Tasks/SdCard/taskSdCard.c:206:13: warning: 'read_file' defined but not used
../src/Tasks/SdCard/taskSdCard.c:274:13: warning: 'write_log' defined but not used
Finished building: ../src/Tasks/SdCard/option/syscall.c
../src/Tasks/SdCard/taskSdCard.c:330:13: warning: 'type_file' defined but not used
../src/Tasks/SdCard/taskSdCard.c:363:13: warning: 'delete_file' defined but not used
 
Building file: ../src/Tasks/SdCard/lpc1xxx_spi_sd/lpc17xx_spi.c
Invoking: MCU C Compiler
arm-none-eabi-gcc -D__NEWLIB__ -DDEBUG -D__CODE_RED -DPACK_STRUCT_END=__attribute\(\(packed\)\) -DGCC_ARMCM3 -I"/home/fanaur/RepositoriosMercurial/trabajoprofesional/Codigo/workspaceLpc/CMSISv2p00_LPC17xx/inc" -I"/home/fanaur/RepositoriosMercurial/trabajoprofesional/Codigo/workspaceLpc/SMCD/src/Tasks/SdCard/lib_FatFS/inc" -I"/home/fanaur/RepositoriosMercurial/trabajoprofesional/Codigo/workspaceLpc/SMCD/src/Tasks/SdCard" -I"/home/fanaur/RepositoriosMercurial/trabajoprofesional/Codigo/workspaceLpc/SMCD/src/Tasks/SerialMemory" -I"/home/fanaur/RepositoriosMercurial/trabajoprofesional/Codigo/workspaceLpc/SMCD/src/Tasks/Adc" -I"/home/fanaur/RepositoriosMercurial/trabajoprofesional/Codigo/workspaceLpc/libDriversMcuPeripherals/inc/Lib_MCU" -I"/home/fanaur/RepositoriosMercurial/trabajoprofesional/Codigo/workspaceLpc/libDriversMcuPeripherals/inc/Lib_EaBaseBoard" -I"/home/fanaur/RepositoriosMercurial/trabajoprofesional/Codigo/workspaceLpc/SMCD/src" -I"/home/fanaur/RepositoriosMercurial/trabajoprofesional/Codigo/workspaceLpc/SMCD/src/Tasks" -I"/home/fanaur/RepositoriosMercurial/trabajoprofesional/Codigo/workspaceLpc/SMCD/FreeRTOS_include" -I"/home/fanaur/RepositoriosMercurial/trabajoprofesional/Codigo/workspaceLpc/SMCD/FreeRTOS_portable" -O0 -g3 -Wall -c -fmessage-length=0 -fno-builtin -ffunction-sections -fdata-sections -mcpu=cortex-m3 -mthumb -MMD -MP -MF"src/Tasks/SdCard/lpc1xxx_spi_sd/lpc17xx_spi.d" -MT"src/Tasks/SdCard/lpc1xxx_spi_sd/lpc17xx_spi.d" -o"src/Tasks/SdCard/lpc1xxx_spi_sd/lpc17xx_spi.o" "../src/Tasks/SdCard/lpc1xxx_spi_sd/lpc17xx_spi.c"
Finished building: ../src/Tasks/SdCard/lpc1xxx_spi_sd/lpc17xx_spi.c
 
Building file: ../src/Tasks/SdCard/lib_FatFS/src/option/cc932.c
Invoking: MCU C Compiler
arm-none-eabi-gcc -D__NEWLIB__ -DDEBUG -D__CODE_RED -DPACK_STRUCT_END=__attribute\(\(packed\)\) -DGCC_ARMCM3 -I"/home/fanaur/RepositoriosMercurial/trabajoprofesional/Codigo/workspaceLpc/CMSISv2p00_LPC17xx/inc" -I"/home/fanaur/RepositoriosMercurial/trabajoprofesional/Codigo/workspaceLpc/SMCD/src/Tasks/SdCard/lib_FatFS/inc" -I"/home/fanaur/RepositoriosMercurial/trabajoprofesional/Codigo/workspaceLpc/SMCD/src/Tasks/SdCard" -I"/home/fanaur/RepositoriosMercurial/trabajoprofesional/Codigo/workspaceLpc/SMCD/src/Tasks/SerialMemory" -I"/home/fanaur/RepositoriosMercurial/trabajoprofesional/Codigo/workspaceLpc/SMCD/src/Tasks/Adc" -I"/home/fanaur/RepositoriosMercurial/trabajoprofesional/Codigo/workspaceLpc/libDriversMcuPeripherals/inc/Lib_MCU" -I"/home/fanaur/RepositoriosMercurial/trabajoprofesional/Codigo/workspaceLpc/libDriversMcuPeripherals/inc/Lib_EaBaseBoard" -I"/home/fanaur/RepositoriosMercurial/trabajoprofesional/Codigo/workspaceLpc/SMCD/src" -I"/home/fanaur/RepositoriosMercurial/trabajoprofesional/Codigo/workspaceLpc/SMCD/src/Tasks" -I"/home/fanaur/RepositoriosMercurial/trabajoprofesional/Codigo/workspaceLpc/SMCD/FreeRTOS_include" -I"/home/fanaur/RepositoriosMercurial/trabajoprofesional/Codigo/workspaceLpc/SMCD/FreeRTOS_portable" -O0 -g3 -Wall -c -fmessage-length=0 -fno-builtin -ffunction-sections -fdata-sections -mcpu=cortex-m3 -mthumb -MMD -MP -MF"src/Tasks/SdCard/lib_FatFS/src/option/cc932.d" -MT"src/Tasks/SdCard/lib_FatFS/src/option/cc932.d" -o"src/Tasks/SdCard/lib_FatFS/src/option/cc932.o" "../src/Tasks/SdCard/lib_FatFS/src/option/cc932.c"
Finished building: ../src/Tasks/SdCard/lib_FatFS/src/option/cc932.c
 
Building file: ../src/Tasks/SdCard/lib_FatFS/src/option/syscall.c
Invoking: MCU C Compiler
arm-none-eabi-gcc -D__NEWLIB__ -DDEBUG -D__CODE_RED -DPACK_STRUCT_END=__attribute\(\(packed\)\) -DGCC_ARMCM3 -I"/home/fanaur/RepositoriosMercurial/trabajoprofesional/Codigo/workspaceLpc/CMSISv2p00_LPC17xx/inc" -I"/home/fanaur/RepositoriosMercurial/trabajoprofesional/Codigo/workspaceLpc/SMCD/src/Tasks/SdCard/lib_FatFS/inc" -I"/home/fanaur/RepositoriosMercurial/trabajoprofesional/Codigo/workspaceLpc/SMCD/src/Tasks/SdCard" -I"/home/fanaur/RepositoriosMercurial/trabajoprofesional/Codigo/workspaceLpc/SMCD/src/Tasks/SerialMemory" -I"/home/fanaur/RepositoriosMercurial/trabajoprofesional/Codigo/workspaceLpc/SMCD/src/Tasks/Adc" -I"/home/fanaur/RepositoriosMercurial/trabajoprofesional/Codigo/workspaceLpc/libDriversMcuPeripherals/inc/Lib_MCU" -I"/home/fanaur/RepositoriosMercurial/trabajoprofesional/Codigo/workspaceLpc/libDriversMcuPeripherals/inc/Lib_EaBaseBoard" -I"/home/fanaur/RepositoriosMercurial/trabajoprofesional/Codigo/workspaceLpc/SMCD/src" -I"/home/fanaur/RepositoriosMercurial/trabajoprofesional/Codigo/workspaceLpc/SMCD/src/Tasks" -I"/home/fanaur/RepositoriosMercurial/trabajoprofesional/Codigo/workspaceLpc/SMCD/FreeRTOS_include" -I"/home/fanaur/RepositoriosMercurial/trabajoprofesional/Codigo/workspaceLpc/SMCD/FreeRTOS_portable" -O0 -g3 -Wall -c -fmessage-length=0 -fno-builtin -ffunction-sections -fdata-sections -mcpu=cortex-m3 -mthumb -MMD -MP -MF"src/Tasks/SdCard/lib_FatFS/src/option/syscall.d" -MT"src/Tasks/SdCard/lib_FatFS/src/option/syscall.d" -o"src/Tasks/SdCard/lib_FatFS/src/option/syscall.o" "../src/Tasks/SdCard/lib_FatFS/src/option/syscall.c"
Finished building: ../src/Tasks/SdCard/lib_FatFS/src/option/syscall.c
 
Building file: ../src/Tasks/SdCard/lib_FatFS/src/lpc1xxx_spi_sd/lpc17xx_spi.c
Invoking: MCU C Compiler
arm-none-eabi-gcc -D__NEWLIB__ -DDEBUG -D__CODE_RED -DPACK_STRUCT_END=__attribute\(\(packed\)\) -DGCC_ARMCM3 -I"/home/fanaur/RepositoriosMercurial/trabajoprofesional/Codigo/workspaceLpc/CMSISv2p00_LPC17xx/inc" -I"/home/fanaur/RepositoriosMercurial/trabajoprofesional/Codigo/workspaceLpc/SMCD/src/Tasks/SdCard/lib_FatFS/inc" -I"/home/fanaur/RepositoriosMercurial/trabajoprofesional/Codigo/workspaceLpc/SMCD/src/Tasks/SdCard" -I"/home/fanaur/RepositoriosMercurial/trabajoprofesional/Codigo/workspaceLpc/SMCD/src/Tasks/SerialMemory" -I"/home/fanaur/RepositoriosMercurial/trabajoprofesional/Codigo/workspaceLpc/SMCD/src/Tasks/Adc" -I"/home/fanaur/RepositoriosMercurial/trabajoprofesional/Codigo/workspaceLpc/libDriversMcuPeripherals/inc/Lib_MCU" -I"/home/fanaur/RepositoriosMercurial/trabajoprofesional/Codigo/workspaceLpc/libDriversMcuPeripherals/inc/Lib_EaBaseBoard" -I"/home/fanaur/RepositoriosMercurial/trabajoprofesional/Codigo/workspaceLpc/SMCD/src" -I"/home/fanaur/RepositoriosMercurial/trabajoprofesional/Codigo/workspaceLpc/SMCD/src/Tasks" -I"/home/fanaur/RepositoriosMercurial/trabajoprofesional/Codigo/workspaceLpc/SMCD/FreeRTOS_include" -I"/home/fanaur/RepositoriosMercurial/trabajoprofesional/Codigo/workspaceLpc/SMCD/FreeRTOS_portable" -O0 -g3 -Wall -c -fmessage-length=0 -fno-builtin -ffunction-sections -fdata-sections -mcpu=cortex-m3 -mthumb -MMD -MP -MF"src/Tasks/SdCard/lib_FatFS/src/lpc1xxx_spi_sd/lpc17xx_spi.d" -MT"src/Tasks/SdCard/lib_FatFS/src/lpc1xxx_spi_sd/lpc17xx_spi.d" -o"src/Tasks/SdCard/lib_FatFS/src/lpc1xxx_spi_sd/lpc17xx_spi.o" "../src/Tasks/SdCard/lib_FatFS/src/lpc1xxx_spi_sd/lpc17xx_spi.c"
Finished building: ../src/Tasks/SdCard/lib_FatFS/src/lpc1xxx_spi_sd/lpc17xx_spi.c
 
Building file: ../src/Tasks/SdCard/lib_FatFS/src/lpc1xxx_spi_sd/sd.c
Invoking: MCU C Compiler
arm-none-eabi-gcc -D__NEWLIB__ -DDEBUG -D__CODE_RED -DPACK_STRUCT_END=__attribute\(\(packed\)\) -DGCC_ARMCM3 -I"/home/fanaur/RepositoriosMercurial/trabajoprofesional/Codigo/workspaceLpc/CMSISv2p00_LPC17xx/inc" -I"/home/fanaur/RepositoriosMercurial/trabajoprofesional/Codigo/workspaceLpc/SMCD/src/Tasks/SdCard/lib_FatFS/inc" -I"/home/fanaur/RepositoriosMercurial/trabajoprofesional/Codigo/workspaceLpc/SMCD/src/Tasks/SdCard" -I"/home/fanaur/RepositoriosMercurial/trabajoprofesional/Codigo/workspaceLpc/SMCD/src/Tasks/SerialMemory" -I"/home/fanaur/RepositoriosMercurial/trabajoprofesional/Codigo/workspaceLpc/SMCD/src/Tasks/Adc" -I"/home/fanaur/RepositoriosMercurial/trabajoprofesional/Codigo/workspaceLpc/libDriversMcuPeripherals/inc/Lib_MCU" -I"/home/fanaur/RepositoriosMercurial/trabajoprofesional/Codigo/workspaceLpc/libDriversMcuPeripherals/inc/Lib_EaBaseBoard" -I"/home/fanaur/RepositoriosMercurial/trabajoprofesional/Codigo/workspaceLpc/SMCD/src" -I"/home/fanaur/RepositoriosMercurial/trabajoprofesional/Codigo/workspaceLpc/SMCD/src/Tasks" -I"/home/fanaur/RepositoriosMercurial/trabajoprofesional/Codigo/workspaceLpc/SMCD/FreeRTOS_include" -I"/home/fanaur/RepositoriosMercurial/trabajoprofesional/Codigo/workspaceLpc/SMCD/FreeRTOS_portable" -O0 -g3 -Wall -c -fmessage-length=0 -fno-builtin -ffunction-sections -fdata-sections -mcpu=cortex-m3 -mthumb -MMD -MP -MF"src/Tasks/SdCard/lib_FatFS/src/lpc1xxx_spi_sd/sd.d" -MT"src/Tasks/SdCard/lib_FatFS/src/lpc1xxx_spi_sd/sd.d" -o"src/Tasks/SdCard/lib_FatFS/src/lpc1xxx_spi_sd/sd.o" "../src/Tasks/SdCard/lib_FatFS/src/lpc1xxx_spi_sd/sd.c"
Finished building: ../src/Tasks/SdCard/lib_FatFS/src/lpc1xxx_spi_sd/sd.c
 
Building file: ../src/Tasks/SdCard/lib_FatFS/src/clocking.c
Invoking: MCU C Compiler
arm-none-eabi-gcc -D__NEWLIB__ -DDEBUG -D__CODE_RED -DPACK_STRUCT_END=__attribute\(\(packed\)\) -DGCC_ARMCM3 -I"/home/fanaur/RepositoriosMercurial/trabajoprofesional/Codigo/workspaceLpc/CMSISv2p00_LPC17xx/inc" -I"/home/fanaur/RepositoriosMercurial/trabajoprofesional/Codigo/workspaceLpc/SMCD/src/Tasks/SdCard/lib_FatFS/inc" -I"/home/fanaur/RepositoriosMercurial/trabajoprofesional/Codigo/workspaceLpc/SMCD/src/Tasks/SdCard" -I"/home/fanaur/RepositoriosMercurial/trabajoprofesional/Codigo/workspaceLpc/SMCD/src/Tasks/SerialMemory" -I"/home/fanaur/RepositoriosMercurial/trabajoprofesional/Codigo/workspaceLpc/SMCD/src/Tasks/Adc" -I"/home/fanaur/RepositoriosMercurial/trabajoprofesional/Codigo/workspaceLpc/libDriversMcuPeripherals/inc/Lib_MCU" -I"/home/fanaur/RepositoriosMercurial/trabajoprofesional/Codigo/workspaceLpc/libDriversMcuPeripherals/inc/Lib_EaBaseBoard" -I"/home/fanaur/RepositoriosMercurial/trabajoprofesional/Codigo/workspaceLpc/SMCD/src" -I"/home/fanaur/RepositoriosMercurial/trabajoprofesional/Codigo/workspaceLpc/SMCD/src/Tasks" -I"/home/fanaur/RepositoriosMercurial/trabajoprofesional/Codigo/workspaceLpc/SMCD/FreeRTOS_include" -I"/home/fanaur/RepositoriosMercurial/trabajoprofesional/Codigo/workspaceLpc/SMCD/FreeRTOS_portable" -O0 -g3 -Wall -c -fmessage-length=0 -fno-builtin -ffunction-sections -fdata-sections -mcpu=cortex-m3 -mthumb -MMD -MP -MF"src/Tasks/SdCard/lib_FatFS/src/clocking.d" -MT"src/Tasks/SdCard/lib_FatFS/src/clocking.d" -o"src/Tasks/SdCard/lib_FatFS/src/clocking.o" "../src/Tasks/SdCard/lib_FatFS/src/clocking.c"
Finished building: ../src/Tasks/SdCard/lib_FatFS/src/clocking.c
 
Building file: ../src/Tasks/SdCard/lib_FatFS/src/ff.c
Invoking: MCU C Compiler
arm-none-eabi-gcc -D__NEWLIB__ -DDEBUG -D__CODE_RED -DPACK_STRUCT_END=__attribute\(\(packed\)\) -DGCC_ARMCM3 -I"/home/fanaur/RepositoriosMercurial/trabajoprofesional/Codigo/workspaceLpc/CMSISv2p00_LPC17xx/inc" -I"/home/fanaur/RepositoriosMercurial/trabajoprofesional/Codigo/workspaceLpc/SMCD/src/Tasks/SdCard/lib_FatFS/inc" -I"/home/fanaur/RepositoriosMercurial/trabajoprofesional/Codigo/workspaceLpc/SMCD/src/Tasks/SdCard" -I"/home/fanaur/RepositoriosMercurial/trabajoprofesional/Codigo/workspaceLpc/SMCD/src/Tasks/SerialMemory" -I"/home/fanaur/RepositoriosMercurial/trabajoprofesional/Codigo/workspaceLpc/SMCD/src/Tasks/Adc" -I"/home/fanaur/RepositoriosMercurial/trabajoprofesional/Codigo/workspaceLpc/libDriversMcuPeripherals/inc/Lib_MCU" -I"/home/fanaur/RepositoriosMercurial/trabajoprofesional/Codigo/workspaceLpc/libDriversMcuPeripherals/inc/Lib_EaBaseBoard" -I"/home/fanaur/RepositoriosMercurial/trabajoprofesional/Codigo/workspaceLpc/SMCD/src" -I"/home/fanaur/RepositoriosMercurial/trabajoprofesional/Codigo/workspaceLpc/SMCD/src/Tasks" -I"/home/fanaur/RepositoriosMercurial/trabajoprofesional/Codigo/workspaceLpc/SMCD/FreeRTOS_include" -I"/home/fanaur/RepositoriosMercurial/trabajoprofesional/Codigo/workspaceLpc/SMCD/FreeRTOS_portable" -O0 -g3 -Wall -c -fmessage-length=0 -fno-builtin -ffunction-sections -fdata-sections -mcpu=cortex-m3 -mthumb -MMD -MP -MF"src/Tasks/SdCard/lib_FatFS/src/ff.d" -MT"src/Tasks/SdCard/lib_FatFS/src/ff.d" -o"src/Tasks/SdCard/lib_FatFS/src/ff.o" "../src/Tasks/SdCard/lib_FatFS/src/ff.c"
Finished building: ../src/Tasks/SdCard/lib_FatFS/src/ff.c
 
Building file: ../src/Tasks/PcCommunication/API_Uart.c
Invoking: MCU C Compiler
arm-none-eabi-gcc -D__NEWLIB__ -DDEBUG -D__CODE_RED -DPACK_STRUCT_END=__attribute\(\(packed\)\) -DGCC_ARMCM3 -I"/home/fanaur/RepositoriosMercurial/trabajoprofesional/Codigo/workspaceLpc/CMSISv2p00_LPC17xx/inc" -I"/home/fanaur/RepositoriosMercurial/trabajoprofesional/Codigo/workspaceLpc/SMCD/src/Tasks/SdCard/lib_FatFS/inc" -I"/home/fanaur/RepositoriosMercurial/trabajoprofesional/Codigo/workspaceLpc/SMCD/src/Tasks/SdCard" -I"/home/fanaur/RepositoriosMercurial/trabajoprofesional/Codigo/workspaceLpc/SMCD/src/Tasks/SerialMemory" -I"/home/fanaur/RepositoriosMercurial/trabajoprofesional/Codigo/workspaceLpc/SMCD/src/Tasks/Adc" -I"/home/fanaur/RepositoriosMercurial/trabajoprofesional/Codigo/workspaceLpc/libDriversMcuPeripherals/inc/Lib_MCU" -I"/home/fanaur/RepositoriosMercurial/trabajoprofesional/Codigo/workspaceLpc/libDriversMcuPeripherals/inc/Lib_EaBaseBoard" -I"/home/fanaur/RepositoriosMercurial/trabajoprofesional/Codigo/workspaceLpc/SMCD/src" -I"/home/fanaur/RepositoriosMercurial/trabajoprofesional/Codigo/workspaceLpc/SMCD/src/Tasks" -I"/home/fanaur/RepositoriosMercurial/trabajoprofesional/Codigo/workspaceLpc/SMCD/FreeRTOS_include" -I"/home/fanaur/RepositoriosMercurial/trabajoprofesional/Codigo/workspaceLpc/SMCD/FreeRTOS_portable" -O0 -g3 -Wall -c -fmessage-length=0 -fno-builtin -ffunction-sections -fdata-sections -mcpu=cortex-m3 -mthumb -MMD -MP -MF"src/Tasks/PcCommunication/API_Uart.d" -MT"src/Tasks/PcCommunication/API_Uart.d" -o"src/Tasks/PcCommunication/API_Uart.o" "../src/Tasks/PcCommunication/API_Uart.c"
../src/Tasks/PcCommunication/API_Uart.c: In function 'API_UartConfig':
../src/Tasks/PcCommunication/API_Uart.c:40:47: warning: assignment from incompatible pointer type
Finished building: ../src/Tasks/PcCommunication/API_Uart.c
 
Building file: ../src/Tasks/PcCommunication/ProtocolPCComunicaction.c
Invoking: MCU C Compiler
arm-none-eabi-gcc -D__NEWLIB__ -DDEBUG -D__CODE_RED -DPACK_STRUCT_END=__attribute\(\(packed\)\) -DGCC_ARMCM3 -I"/home/fanaur/RepositoriosMercurial/trabajoprofesional/Codigo/workspaceLpc/CMSISv2p00_LPC17xx/inc" -I"/home/fanaur/RepositoriosMercurial/trabajoprofesional/Codigo/workspaceLpc/SMCD/src/Tasks/SdCard/lib_FatFS/inc" -I"/home/fanaur/RepositoriosMercurial/trabajoprofesional/Codigo/workspaceLpc/SMCD/src/Tasks/SdCard" -I"/home/fanaur/RepositoriosMercurial/trabajoprofesional/Codigo/workspaceLpc/SMCD/src/Tasks/SerialMemory" -I"/home/fanaur/RepositoriosMercurial/trabajoprofesional/Codigo/workspaceLpc/SMCD/src/Tasks/Adc" -I"/home/fanaur/RepositoriosMercurial/trabajoprofesional/Codigo/workspaceLpc/libDriversMcuPeripherals/inc/Lib_MCU" -I"/home/fanaur/RepositoriosMercurial/trabajoprofesional/Codigo/workspaceLpc/libDriversMcuPeripherals/inc/Lib_EaBaseBoard" -I"/home/fanaur/RepositoriosMercurial/trabajoprofesional/Codigo/workspaceLpc/SMCD/src" -I"/home/fanaur/RepositoriosMercurial/trabajoprofesional/Codigo/workspaceLpc/SMCD/src/Tasks" -I"/home/fanaur/RepositoriosMercurial/trabajoprofesional/Codigo/workspaceLpc/SMCD/FreeRTOS_include" -I"/home/fanaur/RepositoriosMercurial/trabajoprofesional/Codigo/workspaceLpc/SMCD/FreeRTOS_portable" -O0 -g3 -Wall -c -fmessage-length=0 -fno-builtin -ffunction-sections -fdata-sections -mcpu=cortex-m3 -mthumb -MMD -MP -MF"src/Tasks/PcCommunication/ProtocolPCComunicaction.d" -MT"src/Tasks/PcCommunication/ProtocolPCComunicaction.d" -o"src/Tasks/PcCommunication/ProtocolPCComunicaction.o" "../src/Tasks/PcCommunication/ProtocolPCComunicaction.c"
Finished building: ../src/Tasks/PcCommunication/ProtocolPCComunicaction.c
 
Building file: ../src/Tasks/PcCommunication/ProtocolPCComunication.c
Invoking: MCU C Compiler
arm-none-eabi-gcc -D__NEWLIB__ -DDEBUG -D__CODE_RED -DPACK_STRUCT_END=__attribute\(\(packed\)\) -DGCC_ARMCM3 -I"/home/fanaur/RepositoriosMercurial/trabajoprofesional/Codigo/workspaceLpc/CMSISv2p00_LPC17xx/inc" -I"/home/fanaur/RepositoriosMercurial/trabajoprofesional/Codigo/workspaceLpc/SMCD/src/Tasks/SdCard/lib_FatFS/inc" -I"/home/fanaur/RepositoriosMercurial/trabajoprofesional/Codigo/workspaceLpc/SMCD/src/Tasks/SdCard" -I"/home/fanaur/RepositoriosMercurial/trabajoprofesional/Codigo/workspaceLpc/SMCD/src/Tasks/SerialMemory" -I"/home/fanaur/RepositoriosMercurial/trabajoprofesional/Codigo/workspaceLpc/SMCD/src/Tasks/Adc" -I"/home/fanaur/RepositoriosMercurial/trabajoprofesional/Codigo/workspaceLpc/libDriversMcuPeripherals/inc/Lib_MCU" -I"/home/fanaur/RepositoriosMercurial/trabajoprofesional/Codigo/workspaceLpc/libDriversMcuPeripherals/inc/Lib_EaBaseBoard" -I"/home/fanaur/RepositoriosMercurial/trabajoprofesional/Codigo/workspaceLpc/SMCD/src" -I"/home/fanaur/RepositoriosMercurial/trabajoprofesional/Codigo/workspaceLpc/SMCD/src/Tasks" -I"/home/fanaur/RepositoriosMercurial/trabajoprofesional/Codigo/workspaceLpc/SMCD/FreeRTOS_include" -I"/home/fanaur/RepositoriosMercurial/trabajoprofesional/Codigo/workspaceLpc/SMCD/FreeRTOS_portable" -O0 -g3 -Wall -c -fmessage-length=0 -fno-builtin -ffunction-sections -fdata-sections -mcpu=cortex-m3 -mthumb -MMD -MP -MF"src/Tasks/PcCommunication/ProtocolPCComunication.d" -MT"src/Tasks/PcCommunication/ProtocolPCComunication.d" -o"src/Tasks/PcCommunication/ProtocolPCComunication.o" "../src/Tasks/PcCommunication/ProtocolPCComunication.c"
../src/Tasks/PcCommunication/ProtocolPCComunication.c: In function 'pcComPackMsg':
../src/Tasks/PcCommunication/ProtocolPCComunication.c:125:4: warning: passing argument 2 of 'memcpy' makes pointer from integer without a cast
/usr/local/lpcxpresso_4.2.0_224/lpcxpresso/tools/bin/../lib/gcc/arm-none-eabi/4.5.1/../../../../arm-none-eabi/include/newlib_inc/string.h:24:8: note: expected 'const void *' but argument is of type 'short unsigned int'
Finished building: ../src/Tasks/PcCommunication/ProtocolPCComunication.c
 
Building file: ../src/Tasks/PcCommunication/taskPcCommunication.c
Invoking: MCU C Compiler
arm-none-eabi-gcc -D__NEWLIB__ -DDEBUG -D__CODE_RED -DPACK_STRUCT_END=__attribute\(\(packed\)\) -DGCC_ARMCM3 -I"/home/fanaur/RepositoriosMercurial/trabajoprofesional/Codigo/workspaceLpc/CMSISv2p00_LPC17xx/inc" -I"/home/fanaur/RepositoriosMercurial/trabajoprofesional/Codigo/workspaceLpc/SMCD/src/Tasks/SdCard/lib_FatFS/inc" -I"/home/fanaur/RepositoriosMercurial/trabajoprofesional/Codigo/workspaceLpc/SMCD/src/Tasks/SdCard" -I"/home/fanaur/RepositoriosMercurial/trabajoprofesional/Codigo/workspaceLpc/SMCD/src/Tasks/SerialMemory" -I"/home/fanaur/RepositoriosMercurial/trabajoprofesional/Codigo/workspaceLpc/SMCD/src/Tasks/Adc" -I"/home/fanaur/RepositoriosMercurial/trabajoprofesional/Codigo/workspaceLpc/libDriversMcuPeripherals/inc/Lib_MCU" -I"/home/fanaur/RepositoriosMercurial/trabajoprofesional/Codigo/workspaceLpc/libDriversMcuPeripherals/inc/Lib_EaBaseBoard" -I"/home/fanaur/RepositoriosMercurial/trabajoprofesional/Codigo/workspaceLpc/SMCD/src" -I"/home/fanaur/RepositoriosMercurial/trabajoprofesional/Codigo/workspaceLpc/SMCD/src/Tasks" -I"/home/fanaur/RepositoriosMercurial/trabajoprofesional/Codigo/workspaceLpc/SMCD/FreeRTOS_include" -I"/home/fanaur/RepositoriosMercurial/trabajoprofesional/Codigo/workspaceLpc/SMCD/FreeRTOS_portable" -O0 -g3 -Wall -c -fmessage-length=0 -fno-builtin -ffunction-sections -fdata-sections -mcpu=cortex-m3 -mthumb -MMD -MP -MF"src/Tasks/PcCommunication/taskPcCommunication.d" -MT"src/Tasks/PcCommunication/taskPcCommunication.d" -o"src/Tasks/PcCommunication/taskPcCommunication.o" "../src/Tasks/PcCommunication/taskPcCommunication.c"
../src/Tasks/PcCommunication/taskPcCommunication.c: In function 'taskPcCommunicationInit':
../src/Tasks/PcCommunication/taskPcCommunication.c:25:2: warning: passing argument 2 of 'API_UartConfig' from incompatible pointer type
../src/Tasks/PcCommunication/API_Uart.h:45:6: note: expected 'void (*)(uint8_t)' but argument is of type 'void (*)()'
Finished building: ../src/Tasks/PcCommunication/taskPcCommunication.c
 
Building file: ../src/Tasks/KeepAlive/taskKeepAlive.c
Invoking: MCU C Compiler
arm-none-eabi-gcc -D__NEWLIB__ -DDEBUG -D__CODE_RED -DPACK_STRUCT_END=__attribute\(\(packed\)\) -DGCC_ARMCM3 -I"/home/fanaur/RepositoriosMercurial/trabajoprofesional/Codigo/workspaceLpc/CMSISv2p00_LPC17xx/inc" -I"/home/fanaur/RepositoriosMercurial/trabajoprofesional/Codigo/workspaceLpc/SMCD/src/Tasks/SdCard/lib_FatFS/inc" -I"/home/fanaur/RepositoriosMercurial/trabajoprofesional/Codigo/workspaceLpc/SMCD/src/Tasks/SdCard" -I"/home/fanaur/RepositoriosMercurial/trabajoprofesional/Codigo/workspaceLpc/SMCD/src/Tasks/SerialMemory" -I"/home/fanaur/RepositoriosMercurial/trabajoprofesional/Codigo/workspaceLpc/SMCD/src/Tasks/Adc" -I"/home/fanaur/RepositoriosMercurial/trabajoprofesional/Codigo/workspaceLpc/libDriversMcuPeripherals/inc/Lib_MCU" -I"/home/fanaur/RepositoriosMercurial/trabajoprofesional/Codigo/workspaceLpc/libDriversMcuPeripherals/inc/Lib_EaBaseBoard" -I"/home/fanaur/RepositoriosMercurial/trabajoprofesional/Codigo/workspaceLpc/SMCD/src" -I"/home/fanaur/RepositoriosMercurial/trabajoprofesional/Codigo/workspaceLpc/SMCD/src/Tasks" -I"/home/fanaur/RepositoriosMercurial/trabajoprofesional/Codigo/workspaceLpc/SMCD/FreeRTOS_include" -I"/home/fanaur/RepositoriosMercurial/trabajoprofesional/Codigo/workspaceLpc/SMCD/FreeRTOS_portable" -O0 -g3 -Wall -c -fmessage-length=0 -fno-builtin -ffunction-sections -fdata-sections -mcpu=cortex-m3 -mthumb -MMD -MP -MF"src/Tasks/KeepAlive/taskKeepAlive.d" -MT"src/Tasks/KeepAlive/taskKeepAlive.d" -o"src/Tasks/KeepAlive/taskKeepAlive.o" "../src/Tasks/KeepAlive/taskKeepAlive.c"
Finished building: ../src/Tasks/KeepAlive/taskKeepAlive.c
 
Building file: ../src/Tasks/Core/taskCore.c
Invoking: MCU C Compiler
arm-none-eabi-gcc -D__NEWLIB__ -DDEBUG -D__CODE_RED -DPACK_STRUCT_END=__attribute\(\(packed\)\) -DGCC_ARMCM3 -I"/home/fanaur/RepositoriosMercurial/trabajoprofesional/Codigo/workspaceLpc/CMSISv2p00_LPC17xx/inc" -I"/home/fanaur/RepositoriosMercurial/trabajoprofesional/Codigo/workspaceLpc/SMCD/src/Tasks/SdCard/lib_FatFS/inc" -I"/home/fanaur/RepositoriosMercurial/trabajoprofesional/Codigo/workspaceLpc/SMCD/src/Tasks/SdCard" -I"/home/fanaur/RepositoriosMercurial/trabajoprofesional/Codigo/workspaceLpc/SMCD/src/Tasks/SerialMemory" -I"/home/fanaur/RepositoriosMercurial/trabajoprofesional/Codigo/workspaceLpc/SMCD/src/Tasks/Adc" -I"/home/fanaur/RepositoriosMercurial/trabajoprofesional/Codigo/workspaceLpc/libDriversMcuPeripherals/inc/Lib_MCU" -I"/home/fanaur/RepositoriosMercurial/trabajoprofesional/Codigo/workspaceLpc/libDriversMcuPeripherals/inc/Lib_EaBaseBoard" -I"/home/fanaur/RepositoriosMercurial/trabajoprofesional/Codigo/workspaceLpc/SMCD/src" -I"/home/fanaur/RepositoriosMercurial/trabajoprofesional/Codigo/workspaceLpc/SMCD/src/Tasks" -I"/home/fanaur/RepositoriosMercurial/trabajoprofesional/Codigo/workspaceLpc/SMCD/FreeRTOS_include" -I"/home/fanaur/RepositoriosMercurial/trabajoprofesional/Codigo/workspaceLpc/SMCD/FreeRTOS_portable" -O0 -g3 -Wall -c -fmessage-length=0 -fno-builtin -ffunction-sections -fdata-sections -mcpu=cortex-m3 -mthumb -MMD -MP -MF"src/Tasks/Core/taskCore.d" -MT"src/Tasks/Core/taskCore.d" -o"src/Tasks/Core/taskCore.o" "../src/Tasks/Core/taskCore.c"
../src/Tasks/Core/taskCore.c: In function 'taskCore':
../src/Tasks/Core/taskCore.c:13:21: warning: unused variable 'xDelay'
Finished building: ../src/Tasks/Core/taskCore.c
 
Building file: ../src/Tasks/Adc/taskAdc.c
Invoking: MCU C Compiler
arm-none-eabi-gcc -D__NEWLIB__ -DDEBUG -D__CODE_RED -DPACK_STRUCT_END=__attribute\(\(packed\)\) -DGCC_ARMCM3 -I"/home/fanaur/RepositoriosMercurial/trabajoprofesional/Codigo/workspaceLpc/CMSISv2p00_LPC17xx/inc" -I"/home/fanaur/RepositoriosMercurial/trabajoprofesional/Codigo/workspaceLpc/SMCD/src/Tasks/SdCard/lib_FatFS/inc" -I"/home/fanaur/RepositoriosMercurial/trabajoprofesional/Codigo/workspaceLpc/SMCD/src/Tasks/SdCard" -I"/home/fanaur/RepositoriosMercurial/trabajoprofesional/Codigo/workspaceLpc/SMCD/src/Tasks/SerialMemory" -I"/home/fanaur/RepositoriosMercurial/trabajoprofesional/Codigo/workspaceLpc/SMCD/src/Tasks/Adc" -I"/home/fanaur/RepositoriosMercurial/trabajoprofesional/Codigo/workspaceLpc/libDriversMcuPeripherals/inc/Lib_MCU" -I"/home/fanaur/RepositoriosMercurial/trabajoprofesional/Codigo/workspaceLpc/libDriversMcuPeripherals/inc/Lib_EaBaseBoard" -I"/home/fanaur/RepositoriosMercurial/trabajoprofesional/Codigo/workspaceLpc/SMCD/src" -I"/home/fanaur/RepositoriosMercurial/trabajoprofesional/Codigo/workspaceLpc/SMCD/src/Tasks" -I"/home/fanaur/RepositoriosMercurial/trabajoprofesional/Codigo/workspaceLpc/SMCD/FreeRTOS_include" -I"/home/fanaur/RepositoriosMercurial/trabajoprofesional/Codigo/workspaceLpc/SMCD/FreeRTOS_portable" -O0 -g3 -Wall -c -fmessage-length=0 -fno-builtin -ffunction-sections -fdata-sections -mcpu=cortex-m3 -mthumb -MMD -MP -MF"src/Tasks/Adc/taskAdc.d" -MT"src/Tasks/Adc/taskAdc.d" -o"src/Tasks/Adc/taskAdc.o" "../src/Tasks/Adc/taskAdc.c"
Finished building: ../src/Tasks/Adc/taskAdc.c
 
Building file: ../FreeRTOS_src/croutine.c
Invoking: MCU C Compiler
arm-none-eabi-gcc -D__NEWLIB__ -DDEBUG -D__CODE_RED -DPACK_STRUCT_END=__attribute\(\(packed\)\) -DGCC_ARMCM3 -I"/home/fanaur/RepositoriosMercurial/trabajoprofesional/Codigo/workspaceLpc/CMSISv2p00_LPC17xx/inc" -I"/home/fanaur/RepositoriosMercurial/trabajoprofesional/Codigo/workspaceLpc/SMCD/src/Tasks/SdCard/lib_FatFS/inc" -I"/home/fanaur/RepositoriosMercurial/trabajoprofesional/Codigo/workspaceLpc/SMCD/src/Tasks/SdCard" -I"/home/fanaur/RepositoriosMercurial/trabajoprofesional/Codigo/workspaceLpc/SMCD/src/Tasks/SerialMemory" -I"/home/fanaur/RepositoriosMercurial/trabajoprofesional/Codigo/workspaceLpc/SMCD/src/Tasks/Adc" -I"/home/fanaur/RepositoriosMercurial/trabajoprofesional/Codigo/workspaceLpc/libDriversMcuPeripherals/inc/Lib_MCU" -I"/home/fanaur/RepositoriosMercurial/trabajoprofesional/Codigo/workspaceLpc/libDriversMcuPeripherals/inc/Lib_EaBaseBoard" -I"/home/fanaur/RepositoriosMercurial/trabajoprofesional/Codigo/workspaceLpc/SMCD/src" -I"/home/fanaur/RepositoriosMercurial/trabajoprofesional/Codigo/workspaceLpc/SMCD/src/Tasks" -I"/home/fanaur/RepositoriosMercurial/trabajoprofesional/Codigo/workspaceLpc/SMCD/FreeRTOS_include" -I"/home/fanaur/RepositoriosMercurial/trabajoprofesional/Codigo/workspaceLpc/SMCD/FreeRTOS_portable" -O0 -g3 -Wall -c -fmessage-length=0 -fno-builtin -ffunction-sections -fdata-sections -mcpu=cortex-m3 -mthumb -MMD -MP -MF"FreeRTOS_src/croutine.d" -MT"FreeRTOS_src/croutine.d" -o"FreeRTOS_src/croutine.o" "../FreeRTOS_src/croutine.c"
Finished building: ../FreeRTOS_src/croutine.c
 
Building file: ../FreeRTOS_src/list.c
Invoking: MCU C Compiler
arm-none-eabi-gcc -D__NEWLIB__ -DDEBUG -D__CODE_RED -DPACK_STRUCT_END=__attribute\(\(packed\)\) -DGCC_ARMCM3 -I"/home/fanaur/RepositoriosMercurial/trabajoprofesional/Codigo/workspaceLpc/CMSISv2p00_LPC17xx/inc" -I"/home/fanaur/RepositoriosMercurial/trabajoprofesional/Codigo/workspaceLpc/SMCD/src/Tasks/SdCard/lib_FatFS/inc" -I"/home/fanaur/RepositoriosMercurial/trabajoprofesional/Codigo/workspaceLpc/SMCD/src/Tasks/SdCard" -I"/home/fanaur/RepositoriosMercurial/trabajoprofesional/Codigo/workspaceLpc/SMCD/src/Tasks/SerialMemory" -I"/home/fanaur/RepositoriosMercurial/trabajoprofesional/Codigo/workspaceLpc/SMCD/src/Tasks/Adc" -I"/home/fanaur/RepositoriosMercurial/trabajoprofesional/Codigo/workspaceLpc/libDriversMcuPeripherals/inc/Lib_MCU" -I"/home/fanaur/RepositoriosMercurial/trabajoprofesional/Codigo/workspaceLpc/libDriversMcuPeripherals/inc/Lib_EaBaseBoard" -I"/home/fanaur/RepositoriosMercurial/trabajoprofesional/Codigo/workspaceLpc/SMCD/src" -I"/home/fanaur/RepositoriosMercurial/trabajoprofesional/Codigo/workspaceLpc/SMCD/src/Tasks" -I"/home/fanaur/RepositoriosMercurial/trabajoprofesional/Codigo/workspaceLpc/SMCD/FreeRTOS_include" -I"/home/fanaur/RepositoriosMercurial/trabajoprofesional/Codigo/workspaceLpc/SMCD/FreeRTOS_portable" -O0 -g3 -Wall -c -fmessage-length=0 -fno-builtin -ffunction-sections -fdata-sections -mcpu=cortex-m3 -mthumb -MMD -MP -MF"FreeRTOS_src/list.d" -MT"FreeRTOS_src/list.d" -o"FreeRTOS_src/list.o" "../FreeRTOS_src/list.c"
Finished building: ../FreeRTOS_src/list.c
 
Building file: ../FreeRTOS_src/queue.c
Invoking: MCU C Compiler
arm-none-eabi-gcc -D__NEWLIB__ -DDEBUG -D__CODE_RED -DPACK_STRUCT_END=__attribute\(\(packed\)\) -DGCC_ARMCM3 -I"/home/fanaur/RepositoriosMercurial/trabajoprofesional/Codigo/workspaceLpc/CMSISv2p00_LPC17xx/inc" -I"/home/fanaur/RepositoriosMercurial/trabajoprofesional/Codigo/workspaceLpc/SMCD/src/Tasks/SdCard/lib_FatFS/inc" -I"/home/fanaur/RepositoriosMercurial/trabajoprofesional/Codigo/workspaceLpc/SMCD/src/Tasks/SdCard" -I"/home/fanaur/RepositoriosMercurial/trabajoprofesional/Codigo/workspaceLpc/SMCD/src/Tasks/SerialMemory" -I"/home/fanaur/RepositoriosMercurial/trabajoprofesional/Codigo/workspaceLpc/SMCD/src/Tasks/Adc" -I"/home/fanaur/RepositoriosMercurial/trabajoprofesional/Codigo/workspaceLpc/libDriversMcuPeripherals/inc/Lib_MCU" -I"/home/fanaur/RepositoriosMercurial/trabajoprofesional/Codigo/workspaceLpc/libDriversMcuPeripherals/inc/Lib_EaBaseBoard" -I"/home/fanaur/RepositoriosMercurial/trabajoprofesional/Codigo/workspaceLpc/SMCD/src" -I"/home/fanaur/RepositoriosMercurial/trabajoprofesional/Codigo/workspaceLpc/SMCD/src/Tasks" -I"/home/fanaur/RepositoriosMercurial/trabajoprofesional/Codigo/workspaceLpc/SMCD/FreeRTOS_include" -I"/home/fanaur/RepositoriosMercurial/trabajoprofesional/Codigo/workspaceLpc/SMCD/FreeRTOS_portable" -O0 -g3 -Wall -c -fmessage-length=0 -fno-builtin -ffunction-sections -fdata-sections -mcpu=cortex-m3 -mthumb -MMD -MP -MF"FreeRTOS_src/queue.d" -MT"FreeRTOS_src/queue.d" -o"FreeRTOS_src/queue.o" "../FreeRTOS_src/queue.c"
Finished building: ../FreeRTOS_src/queue.c
 
Building file: ../FreeRTOS_src/tasks.c
Invoking: MCU C Compiler
arm-none-eabi-gcc -D__NEWLIB__ -DDEBUG -D__CODE_RED -DPACK_STRUCT_END=__attribute\(\(packed\)\) -DGCC_ARMCM3 -I"/home/fanaur/RepositoriosMercurial/trabajoprofesional/Codigo/workspaceLpc/CMSISv2p00_LPC17xx/inc" -I"/home/fanaur/RepositoriosMercurial/trabajoprofesional/Codigo/workspaceLpc/SMCD/src/Tasks/SdCard/lib_FatFS/inc" -I"/home/fanaur/RepositoriosMercurial/trabajoprofesional/Codigo/workspaceLpc/SMCD/src/Tasks/SdCard" -I"/home/fanaur/RepositoriosMercurial/trabajoprofesional/Codigo/workspaceLpc/SMCD/src/Tasks/SerialMemory" -I"/home/fanaur/RepositoriosMercurial/trabajoprofesional/Codigo/workspaceLpc/SMCD/src/Tasks/Adc" -I"/home/fanaur/RepositoriosMercurial/trabajoprofesional/Codigo/workspaceLpc/libDriversMcuPeripherals/inc/Lib_MCU" -I"/home/fanaur/RepositoriosMercurial/trabajoprofesional/Codigo/workspaceLpc/libDriversMcuPeripherals/inc/Lib_EaBaseBoard" -I"/home/fanaur/RepositoriosMercurial/trabajoprofesional/Codigo/workspaceLpc/SMCD/src" -I"/home/fanaur/RepositoriosMercurial/trabajoprofesional/Codigo/workspaceLpc/SMCD/src/Tasks" -I"/home/fanaur/RepositoriosMercurial/trabajoprofesional/Codigo/workspaceLpc/SMCD/FreeRTOS_include" -I"/home/fanaur/RepositoriosMercurial/trabajoprofesional/Codigo/workspaceLpc/SMCD/FreeRTOS_portable" -O0 -g3 -Wall -c -fmessage-length=0 -fno-builtin -ffunction-sections -fdata-sections -mcpu=cortex-m3 -mthumb -MMD -MP -MF"FreeRTOS_src/tasks.d" -MT"FreeRTOS_src/tasks.d" -o"FreeRTOS_src/tasks.o" "../FreeRTOS_src/tasks.c"
Finished building: ../FreeRTOS_src/tasks.c
 
Building file: ../FreeRTOS_src/timers.c
Invoking: MCU C Compiler
arm-none-eabi-gcc -D__NEWLIB__ -DDEBUG -D__CODE_RED -DPACK_STRUCT_END=__attribute\(\(packed\)\) -DGCC_ARMCM3 -I"/home/fanaur/RepositoriosMercurial/trabajoprofesional/Codigo/workspaceLpc/CMSISv2p00_LPC17xx/inc" -I"/home/fanaur/RepositoriosMercurial/trabajoprofesional/Codigo/workspaceLpc/SMCD/src/Tasks/SdCard/lib_FatFS/inc" -I"/home/fanaur/RepositoriosMercurial/trabajoprofesional/Codigo/workspaceLpc/SMCD/src/Tasks/SdCard" -I"/home/fanaur/RepositoriosMercurial/trabajoprofesional/Codigo/workspaceLpc/SMCD/src/Tasks/SerialMemory" -I"/home/fanaur/RepositoriosMercurial/trabajoprofesional/Codigo/workspaceLpc/SMCD/src/Tasks/Adc" -I"/home/fanaur/RepositoriosMercurial/trabajoprofesional/Codigo/workspaceLpc/libDriversMcuPeripherals/inc/Lib_MCU" -I"/home/fanaur/RepositoriosMercurial/trabajoprofesional/Codigo/workspaceLpc/libDriversMcuPeripherals/inc/Lib_EaBaseBoard" -I"/home/fanaur/RepositoriosMercurial/trabajoprofesional/Codigo/workspaceLpc/SMCD/src" -I"/home/fanaur/RepositoriosMercurial/trabajoprofesional/Codigo/workspaceLpc/SMCD/src/Tasks" -I"/home/fanaur/RepositoriosMercurial/trabajoprofesional/Codigo/workspaceLpc/SMCD/FreeRTOS_include" -I"/home/fanaur/RepositoriosMercurial/trabajoprofesional/Codigo/workspaceLpc/SMCD/FreeRTOS_portable" -O0 -g3 -Wall -c -fmessage-length=0 -fno-builtin -ffunction-sections -fdata-sections -mcpu=cortex-m3 -mthumb -MMD -MP -MF"FreeRTOS_src/timers.d" -MT"FreeRTOS_src/timers.d" -o"FreeRTOS_src/timers.o" "../FreeRTOS_src/timers.c"
Finished building: ../FreeRTOS_src/timers.c
 
Building file: ../FreeRTOS_portable/port.c
Invoking: MCU C Compiler
arm-none-eabi-gcc -D__NEWLIB__ -DDEBUG -D__CODE_RED -DPACK_STRUCT_END=__attribute\(\(packed\)\) -DGCC_ARMCM3 -I"/home/fanaur/RepositoriosMercurial/trabajoprofesional/Codigo/workspaceLpc/CMSISv2p00_LPC17xx/inc" -I"/home/fanaur/RepositoriosMercurial/trabajoprofesional/Codigo/workspaceLpc/SMCD/src/Tasks/SdCard/lib_FatFS/inc" -I"/home/fanaur/RepositoriosMercurial/trabajoprofesional/Codigo/workspaceLpc/SMCD/src/Tasks/SdCard" -I"/home/fanaur/RepositoriosMercurial/trabajoprofesional/Codigo/workspaceLpc/SMCD/src/Tasks/SerialMemory" -I"/home/fanaur/RepositoriosMercurial/trabajoprofesional/Codigo/workspaceLpc/SMCD/src/Tasks/Adc" -I"/home/fanaur/RepositoriosMercurial/trabajoprofesional/Codigo/workspaceLpc/libDriversMcuPeripherals/inc/Lib_MCU" -I"/home/fanaur/RepositoriosMercurial/trabajoprofesional/Codigo/workspaceLpc/libDriversMcuPeripherals/inc/Lib_EaBaseBoard" -I"/home/fanaur/RepositoriosMercurial/trabajoprofesional/Codigo/workspaceLpc/SMCD/src" -I"/home/fanaur/RepositoriosMercurial/trabajoprofesional/Codigo/workspaceLpc/SMCD/src/Tasks" -I"/home/fanaur/RepositoriosMercurial/trabajoprofesional/Codigo/workspaceLpc/SMCD/FreeRTOS_include" -I"/home/fanaur/RepositoriosMercurial/trabajoprofesional/Codigo/workspaceLpc/SMCD/FreeRTOS_portable" -O0 -g3 -Wall -c -fmessage-length=0 -fno-builtin -ffunction-sections -fdata-sections -mcpu=cortex-m3 -mthumb -MMD -MP -MF"FreeRTOS_portable/port.d" -MT"FreeRTOS_portable/port.d" -o"FreeRTOS_portable/port.o" "../FreeRTOS_portable/port.c"
Finished building: ../FreeRTOS_portable/port.c
 
Building file: ../FreeRTOS_portable/MemMang/heap_2.c
Invoking: MCU C Compiler
arm-none-eabi-gcc -D__NEWLIB__ -DDEBUG -D__CODE_RED -DPACK_STRUCT_END=__attribute\(\(packed\)\) -DGCC_ARMCM3 -I"/home/fanaur/RepositoriosMercurial/trabajoprofesional/Codigo/workspaceLpc/CMSISv2p00_LPC17xx/inc" -I"/home/fanaur/RepositoriosMercurial/trabajoprofesional/Codigo/workspaceLpc/SMCD/src/Tasks/SdCard/lib_FatFS/inc" -I"/home/fanaur/RepositoriosMercurial/trabajoprofesional/Codigo/workspaceLpc/SMCD/src/Tasks/SdCard" -I"/home/fanaur/RepositoriosMercurial/trabajoprofesional/Codigo/workspaceLpc/SMCD/src/Tasks/SerialMemory" -I"/home/fanaur/RepositoriosMercurial/trabajoprofesional/Codigo/workspaceLpc/SMCD/src/Tasks/Adc" -I"/home/fanaur/RepositoriosMercurial/trabajoprofesional/Codigo/workspaceLpc/libDriversMcuPeripherals/inc/Lib_MCU" -I"/home/fanaur/RepositoriosMercurial/trabajoprofesional/Codigo/workspaceLpc/libDriversMcuPeripherals/inc/Lib_EaBaseBoard" -I"/home/fanaur/RepositoriosMercurial/trabajoprofesional/Codigo/workspaceLpc/SMCD/src" -I"/home/fanaur/RepositoriosMercurial/trabajoprofesional/Codigo/workspaceLpc/SMCD/src/Tasks" -I"/home/fanaur/RepositoriosMercurial/trabajoprofesional/Codigo/workspaceLpc/SMCD/FreeRTOS_include" -I"/home/fanaur/RepositoriosMercurial/trabajoprofesional/Codigo/workspaceLpc/SMCD/FreeRTOS_portable" -O0 -g3 -Wall -c -fmessage-length=0 -fno-builtin -ffunction-sections -fdata-sections -mcpu=cortex-m3 -mthumb -MMD -MP -MF"FreeRTOS_portable/MemMang/heap_2.d" -MT"FreeRTOS_portable/MemMang/heap_2.d" -o"FreeRTOS_portable/MemMang/heap_2.o" "../FreeRTOS_portable/MemMang/heap_2.c"
Finished building: ../FreeRTOS_portable/MemMang/heap_2.c
 
Building target: BaseProjectRTOS.axf
Invoking: MCU Linker
arm-none-eabi-gcc -nostdlib -L"/home/fanaur/RepositoriosMercurial/trabajoprofesional/Codigo/workspaceLpc/CMSISv2p00_LPC17xx/Debug" -L"/home/fanaur/RepositoriosMercurial/trabajoprofesional/Codigo/workspaceLpc/libDriversMcuPeripherals/Debug" -Xlinker -Map="BaseProjectRTOS.map" -Xlinker --gc-sections -mcpu=cortex-m3 -mthumb -T "testRTOS_Debug.ld" -o"BaseProjectRTOS.axf"  ./src/cmdPcCom.o ./src/cr_startup_lpc17.o ./src/main.o  ./src/Tasks/SerialMemory/taskSerialMemory.o  ./src/Tasks/SdCard/FatFS_support.o ./src/Tasks/SdCard/ff.o ./src/Tasks/SdCard/mmc.o ./src/Tasks/SdCard/taskSdCard.o  ./src/Tasks/SdCard/option/syscall.o  ./src/Tasks/SdCard/lpc1xxx_spi_sd/lpc17xx_spi.o  ./src/Tasks/SdCard/lib_FatFS/src/option/cc932.o ./src/Tasks/SdCard/lib_FatFS/src/option/syscall.o  ./src/Tasks/SdCard/lib_FatFS/src/lpc1xxx_spi_sd/lpc17xx_spi.o ./src/Tasks/SdCard/lib_FatFS/src/lpc1xxx_spi_sd/sd.o  ./src/Tasks/SdCard/lib_FatFS/src/clocking.o ./src/Tasks/SdCard/lib_FatFS/src/ff.o  ./src/Tasks/PcCommunication/API_Uart.o ./src/Tasks/PcCommunication/ProtocolPCComunicaction.o ./src/Tasks/PcCommunication/ProtocolPCComunication.o ./src/Tasks/PcCommunication/taskPcCommunication.o  ./src/Tasks/KeepAlive/taskKeepAlive.o  ./src/Tasks/Core/taskCore.o  ./src/Tasks/Adc/taskAdc.o  ./FreeRTOS_src/croutine.o ./FreeRTOS_src/list.o ./FreeRTOS_src/queue.o ./FreeRTOS_src/tasks.o ./FreeRTOS_src/timers.o  ./FreeRTOS_portable/port.o  ./FreeRTOS_portable/MemMang/heap_2.o   -lCMSISv2p00_LPC17xx -lDriversMcuPeripherals
./src/Tasks/SdCard/lib_FatFS/src/lpc1xxx_spi_sd/lpc17xx_spi.o: In function `SPI_Init':
/home/fanaur/RepositoriosMercurial/trabajoprofesional/Codigo/workspaceLpc/SMCD/Debug/../src/Tasks/SdCard/lib_FatFS/src/lpc1xxx_spi_sd/lpc17xx_spi.c:80: multiple definition of `SPI_Init'
./src/Tasks/SdCard/lpc1xxx_spi_sd/lpc17xx_spi.o:/home/fanaur/RepositoriosMercurial/trabajoprofesional/Codigo/workspaceLpc/SMCD/Debug/../src/Tasks/SdCard/lpc1xxx_spi_sd/lpc17xx_spi.c:80: first defined here
./src/Tasks/SdCard/lib_FatFS/src/lpc1xxx_spi_sd/lpc17xx_spi.o: In function `SPI_ConfigClockRate':
/home/fanaur/RepositoriosMercurial/trabajoprofesional/Codigo/workspaceLpc/SMCD/Debug/../src/Tasks/SdCard/lib_FatFS/src/lpc1xxx_spi_sd/lpc17xx_spi.c:157: multiple definition of `SPI_ConfigClockRate'
./src/Tasks/SdCard/lpc1xxx_spi_sd/lpc17xx_spi.o:/home/fanaur/RepositoriosMercurial/trabajoprofesional/Codigo/workspaceLpc/SMCD/Debug/../src/Tasks/SdCard/lpc1xxx_spi_sd/lpc17xx_spi.c:157: first defined here
./src/Tasks/SdCard/lib_FatFS/src/lpc1xxx_spi_sd/lpc17xx_spi.o: In function `SPI_CS_High':
/home/fanaur/RepositoriosMercurial/trabajoprofesional/Codigo/workspaceLpc/SMCD/Debug/../src/Tasks/SdCard/lib_FatFS/src/lpc1xxx_spi_sd/lpc17xx_spi.c:181: multiple definition of `SPI_CS_High'
./src/Tasks/SdCard/lpc1xxx_spi_sd/lpc17xx_spi.o:/home/fanaur/RepositoriosMercurial/trabajoprofesional/Codigo/workspaceLpc/SMCD/Debug/../src/Tasks/SdCard/lpc1xxx_spi_sd/lpc17xx_spi.c:181: first defined here
./src/Tasks/SdCard/lib_FatFS/src/lpc1xxx_spi_sd/lpc17xx_spi.o: In function `SPI_CS_Low':
/home/fanaur/RepositoriosMercurial/trabajoprofesional/Codigo/workspaceLpc/SMCD/Debug/../src/Tasks/SdCard/lib_FatFS/src/lpc1xxx_spi_sd/lpc17xx_spi.c:169: multiple definition of `SPI_CS_Low'
./src/Tasks/SdCard/lpc1xxx_spi_sd/lpc17xx_spi.o:/home/fanaur/RepositoriosMercurial/trabajoprofesional/Codigo/workspaceLpc/SMCD/Debug/../src/Tasks/SdCard/lpc1xxx_spi_sd/lpc17xx_spi.c:169: first defined here
./src/Tasks/SdCard/lib_FatFS/src/lpc1xxx_spi_sd/lpc17xx_spi.o: In function `SPI_SendByte':
/home/fanaur/RepositoriosMercurial/trabajoprofesional/Codigo/workspaceLpc/SMCD/Debug/../src/Tasks/SdCard/lib_FatFS/src/lpc1xxx_spi_sd/lpc17xx_spi.c:195: multiple definition of `SPI_SendByte'
./src/Tasks/SdCard/lpc1xxx_spi_sd/lpc17xx_spi.o:/home/fanaur/RepositoriosMercurial/trabajoprofesional/Codigo/workspaceLpc/SMCD/Debug/../src/Tasks/SdCard/lpc1xxx_spi_sd/lpc17xx_spi.c:195: first defined here
./src/Tasks/SdCard/lib_FatFS/src/lpc1xxx_spi_sd/lpc17xx_spi.o: In function `SPI_RecvByte':
/home/fanaur/RepositoriosMercurial/trabajoprofesional/Codigo/workspaceLpc/SMCD/Debug/../src/Tasks/SdCard/lib_FatFS/src/lpc1xxx_spi_sd/lpc17xx_spi.c:211: multiple definition of `SPI_RecvByte'
./src/Tasks/SdCard/lpc1xxx_spi_sd/lpc17xx_spi.o:/home/fanaur/RepositoriosMercurial/trabajoprofesional/Codigo/workspaceLpc/SMCD/Debug/../src/Tasks/SdCard/lpc1xxx_spi_sd/lpc17xx_spi.c:211: first defined here
./src/Tasks/SdCard/lib_FatFS/src/lpc1xxx_spi_sd/lpc17xx_spi.o: In function `SPI_SendBlock_FIFO':
/home/fanaur/RepositoriosMercurial/trabajoprofesional/Codigo/workspaceLpc/SMCD/Debug/../src/Tasks/SdCard/lib_FatFS/src/lpc1xxx_spi_sd/lpc17xx_spi.c:231: multiple definition of `SPI_SendBlock_FIFO'
./src/Tasks/SdCard/lpc1xxx_spi_sd/lpc17xx_spi.o:/home/fanaur/RepositoriosMercurial/trabajoprofesional/Codigo/workspaceLpc/SMCD/Debug/../src/Tasks/SdCard/lpc1xxx_spi_sd/lpc17xx_spi.c:231: first defined here
./src/Tasks/SdCard/lib_FatFS/src/lpc1xxx_spi_sd/lpc17xx_spi.o: In function `SPI_RecvBlock_FIFO':
/home/fanaur/RepositoriosMercurial/trabajoprofesional/Codigo/workspaceLpc/SMCD/Debug/../src/Tasks/SdCard/lib_FatFS/src/lpc1xxx_spi_sd/lpc17xx_spi.c:269: multiple definition of `SPI_RecvBlock_FIFO'
./src/Tasks/SdCard/lpc1xxx_spi_sd/lpc17xx_spi.o:/home/fanaur/RepositoriosMercurial/trabajoprofesional/Codigo/workspaceLpc/SMCD/Debug/../src/Tasks/SdCard/lpc1xxx_spi_sd/lpc17xx_spi.c:269: first defined here
./src/Tasks/SdCard/lib_FatFS/src/lpc1xxx_spi_sd/sd.o: In function `disk_initialize':
/home/fanaur/RepositoriosMercurial/trabajoprofesional/Codigo/workspaceLpc/SMCD/Debug/../src/Tasks/SdCard/lib_FatFS/src/lpc1xxx_spi_sd/sd.c:78: multiple definition of `disk_initialize'
./src/Tasks/SdCard/mmc.o:/home/fanaur/RepositoriosMercurial/trabajoprofesional/Codigo/workspaceLpc/SMCD/Debug/../src/Tasks/SdCard/mmc.c:428: first defined here
./src/Tasks/SdCard/lib_FatFS/src/lpc1xxx_spi_sd/sd.o: In function `disk_ioctl':
/home/fanaur/RepositoriosMercurial/trabajoprofesional/Codigo/workspaceLpc/SMCD/Debug/../src/Tasks/SdCard/lib_FatFS/src/lpc1xxx_spi_sd/sd.c:96: multiple definition of `disk_ioctl'
./src/Tasks/SdCard/mmc.o:/home/fanaur/RepositoriosMercurial/trabajoprofesional/Codigo/workspaceLpc/SMCD/Debug/../src/Tasks/SdCard/mmc.c:579: first defined here
./src/Tasks/SdCard/lib_FatFS/src/lpc1xxx_spi_sd/sd.o: In function `disk_read':
/home/fanaur/RepositoriosMercurial/trabajoprofesional/Codigo/workspaceLpc/SMCD/Debug/../src/Tasks/SdCard/lib_FatFS/src/lpc1xxx_spi_sd/sd.c:174: multiple definition of `disk_read'
./src/Tasks/SdCard/mmc.o:/home/fanaur/RepositoriosMercurial/trabajoprofesional/Codigo/workspaceLpc/SMCD/Debug/../src/Tasks/SdCard/mmc.c:503: first defined here
./src/Tasks/SdCard/lib_FatFS/src/lpc1xxx_spi_sd/sd.o: In function `disk_status':
/home/fanaur/RepositoriosMercurial/trabajoprofesional/Codigo/workspaceLpc/SMCD/Debug/../src/Tasks/SdCard/lib_FatFS/src/lpc1xxx_spi_sd/sd.c:190: multiple definition of `disk_status'
./src/Tasks/SdCard/mmc.o:/home/fanaur/RepositoriosMercurial/trabajoprofesional/Codigo/workspaceLpc/SMCD/Debug/../src/Tasks/SdCard/mmc.c:485: first defined here
./src/Tasks/SdCard/lib_FatFS/src/lpc1xxx_spi_sd/sd.o: In function `disk_write':
/home/fanaur/RepositoriosMercurial/trabajoprofesional/Codigo/workspaceLpc/SMCD/Debug/../src/Tasks/SdCard/lib_FatFS/src/lpc1xxx_spi_sd/sd.c:206: multiple definition of `disk_write'
./src/Tasks/SdCard/mmc.o:/home/fanaur/RepositoriosMercurial/trabajoprofesional/Codigo/workspaceLpc/SMCD/Debug/../src/Tasks/SdCard/mmc.c:540: first defined here
./src/Tasks/SdCard/lib_FatFS/src/lpc1xxx_spi_sd/sd.o: In function `disk_timerproc':
/home/fanaur/RepositoriosMercurial/trabajoprofesional/Codigo/workspaceLpc/SMCD/Debug/../src/Tasks/SdCard/lib_FatFS/src/lpc1xxx_spi_sd/sd.c:227: multiple definition of `disk_timerproc'
./src/Tasks/SdCard/mmc.o:/home/fanaur/RepositoriosMercurial/trabajoprofesional/Codigo/workspaceLpc/SMCD/Debug/../src/Tasks/SdCard/mmc.c:704: first defined here
./src/Tasks/SdCard/lib_FatFS/src/ff.o: In function `clust2sect':
/home/fanaur/RepositoriosMercurial/trabajoprofesional/Codigo/workspaceLpc/SMCD/Debug/../src/Tasks/SdCard/lib_FatFS/src/ff.c:799: multiple definition of `clust2sect'
./src/Tasks/SdCard/ff.o:/home/fanaur/RepositoriosMercurial/trabajoprofesional/Codigo/workspaceLpc/SMCD/Debug/../src/Tasks/SdCard/ff.c:799: first defined here
./src/Tasks/SdCard/lib_FatFS/src/ff.o: In function `get_fat':
/home/fanaur/RepositoriosMercurial/trabajoprofesional/Codigo/workspaceLpc/SMCD/Debug/../src/Tasks/SdCard/lib_FatFS/src/ff.c:817: multiple definition of `get_fat'
./src/Tasks/SdCard/ff.o:/home/fanaur/RepositoriosMercurial/trabajoprofesional/Codigo/workspaceLpc/SMCD/Debug/../src/Tasks/SdCard/ff.c:817: first defined here
./src/Tasks/SdCard/lib_FatFS/src/ff.o: In function `put_fat':
/home/fanaur/RepositoriosMercurial/trabajoprofesional/Codigo/workspaceLpc/SMCD/Debug/../src/Tasks/SdCard/lib_FatFS/src/ff.c:861: multiple definition of `put_fat'
./src/Tasks/SdCard/ff.o:/home/fanaur/RepositoriosMercurial/trabajoprofesional/Codigo/workspaceLpc/SMCD/Debug/../src/Tasks/SdCard/ff.c:861: first defined here
./src/Tasks/SdCard/lib_FatFS/src/ff.o: In function `f_mount':
/home/fanaur/RepositoriosMercurial/trabajoprofesional/Codigo/workspaceLpc/SMCD/Debug/../src/Tasks/SdCard/lib_FatFS/src/ff.c:2201: multiple definition of `f_mount'
./src/Tasks/SdCard/ff.o:/home/fanaur/RepositoriosMercurial/trabajoprofesional/Codigo/workspaceLpc/SMCD/Debug/../src/Tasks/SdCard/ff.c:2201: first defined here
./src/Tasks/SdCard/lib_FatFS/src/ff.o: In function `f_open':
/home/fanaur/RepositoriosMercurial/trabajoprofesional/Codigo/workspaceLpc/SMCD/Debug/../src/Tasks/SdCard/lib_FatFS/src/ff.c:2242: multiple definition of `f_open'
./src/Tasks/SdCard/ff.o:/home/fanaur/RepositoriosMercurial/trabajoprofesional/Codigo/workspaceLpc/SMCD/Debug/../src/Tasks/SdCard/ff.c:2242: first defined here
./src/Tasks/SdCard/lib_FatFS/src/ff.o: In function `f_read':
/home/fanaur/RepositoriosMercurial/trabajoprofesional/Codigo/workspaceLpc/SMCD/Debug/../src/Tasks/SdCard/lib_FatFS/src/ff.c:2373: multiple definition of `f_read'
./src/Tasks/SdCard/ff.o:/home/fanaur/RepositoriosMercurial/trabajoprofesional/Codigo/workspaceLpc/SMCD/Debug/../src/Tasks/SdCard/ff.c:2373: first defined here
./src/Tasks/SdCard/lib_FatFS/src/ff.o: In function `f_write':
/home/fanaur/RepositoriosMercurial/trabajoprofesional/Codigo/workspaceLpc/SMCD/Debug/../src/Tasks/SdCard/lib_FatFS/src/ff.c:2474: multiple definition of `f_write'
./src/Tasks/SdCard/ff.o:/home/fanaur/RepositoriosMercurial/trabajoprofesional/Codigo/workspaceLpc/SMCD/Debug/../src/Tasks/SdCard/ff.c:2474: first defined here
./src/Tasks/SdCard/lib_FatFS/src/ff.o: In function `f_sync':
/home/fanaur/RepositoriosMercurial/trabajoprofesional/Codigo/workspaceLpc/SMCD/Debug/../src/Tasks/SdCard/lib_FatFS/src/ff.c:2590: multiple definition of `f_sync'
./src/Tasks/SdCard/ff.o:/home/fanaur/RepositoriosMercurial/trabajoprofesional/Codigo/workspaceLpc/SMCD/Debug/../src/Tasks/SdCard/ff.c:2590: first defined here
./src/Tasks/SdCard/lib_FatFS/src/ff.o: In function `f_close':
/home/fanaur/RepositoriosMercurial/trabajoprofesional/Codigo/workspaceLpc/SMCD/Debug/../src/Tasks/SdCard/lib_FatFS/src/ff.c:2637: multiple definition of `f_close'
./src/Tasks/SdCard/ff.o:/home/fanaur/RepositoriosMercurial/trabajoprofesional/Codigo/workspaceLpc/SMCD/Debug/../src/Tasks/SdCard/ff.c:2637: first defined here
./src/Tasks/SdCard/lib_FatFS/src/ff.o: In function `f_lseek':
/home/fanaur/RepositoriosMercurial/trabajoprofesional/Codigo/workspaceLpc/SMCD/Debug/../src/Tasks/SdCard/lib_FatFS/src/ff.c:2802: multiple definition of `f_lseek'
./src/Tasks/SdCard/ff.o:/home/fanaur/RepositoriosMercurial/trabajoprofesional/Codigo/workspaceLpc/SMCD/Debug/../src/Tasks/SdCard/ff.c:2802: first defined here
./src/Tasks/SdCard/lib_FatFS/src/ff.o: In function `f_opendir':
/home/fanaur/RepositoriosMercurial/trabajoprofesional/Codigo/workspaceLpc/SMCD/Debug/../src/Tasks/SdCard/lib_FatFS/src/ff.c:2960: multiple definition of `f_opendir'
./src/Tasks/SdCard/ff.o:/home/fanaur/RepositoriosMercurial/trabajoprofesional/Codigo/workspaceLpc/SMCD/Debug/../src/Tasks/SdCard/ff.c:2960: first defined here
./src/Tasks/SdCard/lib_FatFS/src/ff.o: In function `f_readdir':
/home/fanaur/RepositoriosMercurial/trabajoprofesional/Codigo/workspaceLpc/SMCD/Debug/../src/Tasks/SdCard/lib_FatFS/src/ff.c:3000: multiple definition of `f_readdir'
./src/Tasks/SdCard/ff.o:/home/fanaur/RepositoriosMercurial/trabajoprofesional/Codigo/workspaceLpc/SMCD/Debug/../src/Tasks/SdCard/ff.c:3000: first defined here
./src/Tasks/SdCard/lib_FatFS/src/ff.o: In function `f_stat':
/home/fanaur/RepositoriosMercurial/trabajoprofesional/Codigo/workspaceLpc/SMCD/Debug/../src/Tasks/SdCard/lib_FatFS/src/ff.c:3042: multiple definition of `f_stat'
./src/Tasks/SdCard/ff.o:/home/fanaur/RepositoriosMercurial/trabajoprofesional/Codigo/workspaceLpc/SMCD/Debug/../src/Tasks/SdCard/ff.c:3042: first defined here
./src/Tasks/SdCard/lib_FatFS/src/ff.o: In function `f_getfree':
/home/fanaur/RepositoriosMercurial/trabajoprofesional/Codigo/workspaceLpc/SMCD/Debug/../src/Tasks/SdCard/lib_FatFS/src/ff.c:3076: multiple definition of `f_getfree'
./src/Tasks/SdCard/ff.o:/home/fanaur/RepositoriosMercurial/trabajoprofesional/Codigo/workspaceLpc/SMCD/Debug/../src/Tasks/SdCard/ff.c:3076: first defined here
./src/Tasks/SdCard/lib_FatFS/src/ff.o: In function `f_truncate':
/home/fanaur/RepositoriosMercurial/trabajoprofesional/Codigo/workspaceLpc/SMCD/Debug/../src/Tasks/SdCard/lib_FatFS/src/ff.c:3139: multiple definition of `f_truncate'
./src/Tasks/SdCard/ff.o:/home/fanaur/RepositoriosMercurial/trabajoprofesional/Codigo/workspaceLpc/SMCD/Debug/../src/Tasks/SdCard/ff.c:3139: first defined here
./src/Tasks/SdCard/lib_FatFS/src/ff.o: In function `f_unlink':
/home/fanaur/RepositoriosMercurial/trabajoprofesional/Codigo/workspaceLpc/SMCD/Debug/../src/Tasks/SdCard/lib_FatFS/src/ff.c:3187: multiple definition of `f_unlink'
./src/Tasks/SdCard/ff.o:/home/fanaur/RepositoriosMercurial/trabajoprofesional/Codigo/workspaceLpc/SMCD/Debug/../src/Tasks/SdCard/ff.c:3187: first defined here
./src/Tasks/SdCard/lib_FatFS/src/ff.o: In function `f_mkdir':
/home/fanaur/RepositoriosMercurial/trabajoprofesional/Codigo/workspaceLpc/SMCD/Debug/../src/Tasks/SdCard/lib_FatFS/src/ff.c:3255: multiple definition of `f_mkdir'
./src/Tasks/SdCard/ff.o:/home/fanaur/RepositoriosMercurial/trabajoprofesional/Codigo/workspaceLpc/SMCD/Debug/../src/Tasks/SdCard/ff.c:3255: first defined here
./src/Tasks/SdCard/lib_FatFS/src/ff.o: In function `f_chmod':
/home/fanaur/RepositoriosMercurial/trabajoprofesional/Codigo/workspaceLpc/SMCD/Debug/../src/Tasks/SdCard/lib_FatFS/src/ff.c:3330: multiple definition of `f_chmod'
./src/Tasks/SdCard/ff.o:/home/fanaur/RepositoriosMercurial/trabajoprofesional/Codigo/workspaceLpc/SMCD/Debug/../src/Tasks/SdCard/ff.c:3330: first defined here
./src/Tasks/SdCard/lib_FatFS/src/ff.o: In function `f_utime':
/home/fanaur/RepositoriosMercurial/trabajoprofesional/Codigo/workspaceLpc/SMCD/Debug/../src/Tasks/SdCard/lib_FatFS/src/ff.c:3371: multiple definition of `f_utime'
./src/Tasks/SdCard/ff.o:/home/fanaur/RepositoriosMercurial/trabajoprofesional/Codigo/workspaceLpc/SMCD/Debug/../src/Tasks/SdCard/ff.c:3371: first defined here
./src/Tasks/SdCard/lib_FatFS/src/ff.o: In function `f_rename':
/home/fanaur/RepositoriosMercurial/trabajoprofesional/Codigo/workspaceLpc/SMCD/Debug/../src/Tasks/SdCard/lib_FatFS/src/ff.c:3412: multiple definition of `f_rename'
./src/Tasks/SdCard/ff.o:/home/fanaur/RepositoriosMercurial/trabajoprofesional/Codigo/workspaceLpc/SMCD/Debug/../src/Tasks/SdCard/ff.c:3412: first defined here
collect2: ld returned 1 exit status
make: *** [BaseProjectRTOS.axf] Error 1
