
**** Build of configuration Debug for project uIP_dhcp ****

make all 
Building file: ../uip/psock.c
Invoking: MCU C Compiler
arm-none-eabi-gcc -D__USE_CMSIS=CMSISv2p00_LPC17xx -D_USE_DHCP_ -DDEBUG -D__CODE_RED -D_RDB1768_ -D__REDLIB__ -I"/home/fanaur/RepositorioMercurial/trabajoprofesional/Codigo/workspaceLpc/CMSISv2p00_LPC17xx/inc" -I"/home/fanaur/RepositorioMercurial/trabajoprofesional/Codigo/workspaceLpc/uIP_dhcp/main" -I"/home/fanaur/RepositorioMercurial/trabajoprofesional/Codigo/workspaceLpc/uIP_dhcp/main/lpc1700" -I"/home/fanaur/RepositorioMercurial/trabajoprofesional/Codigo/workspaceLpc/uIP_dhcp/uip" -I"/home/fanaur/RepositorioMercurial/trabajoprofesional/Codigo/workspaceLpc/uIP_dhcp/apps/webserver" -I"/home/fanaur/RepositorioMercurial/trabajoprofesional/Codigo/workspaceLpc/uIP_dhcp/apps/dhcpc" -O0 -g3 -c -fmessage-length=0 -fno-builtin -ffunction-sections -mcpu=cortex-m3 -mthumb -MMD -MP -MF"uip/psock.d" -MT"uip/psock.d" -o"uip/psock.o" "../uip/psock.c"
Finished building: ../uip/psock.c
 
Building file: ../uip/timer.c
Invoking: MCU C Compiler
arm-none-eabi-gcc -D__USE_CMSIS=CMSISv2p00_LPC17xx -D_USE_DHCP_ -DDEBUG -D__CODE_RED -D_RDB1768_ -D__REDLIB__ -I"/home/fanaur/RepositorioMercurial/trabajoprofesional/Codigo/workspaceLpc/CMSISv2p00_LPC17xx/inc" -I"/home/fanaur/RepositorioMercurial/trabajoprofesional/Codigo/workspaceLpc/uIP_dhcp/main" -I"/home/fanaur/RepositorioMercurial/trabajoprofesional/Codigo/workspaceLpc/uIP_dhcp/main/lpc1700" -I"/home/fanaur/RepositorioMercurial/trabajoprofesional/Codigo/workspaceLpc/uIP_dhcp/uip" -I"/home/fanaur/RepositorioMercurial/trabajoprofesional/Codigo/workspaceLpc/uIP_dhcp/apps/webserver" -I"/home/fanaur/RepositorioMercurial/trabajoprofesional/Codigo/workspaceLpc/uIP_dhcp/apps/dhcpc" -O0 -g3 -c -fmessage-length=0 -fno-builtin -ffunction-sections -mcpu=cortex-m3 -mthumb -MMD -MP -MF"uip/timer.d" -MT"uip/timer.d" -o"uip/timer.o" "../uip/timer.c"
Finished building: ../uip/timer.c
 
Building file: ../uip/uip-fw.c
Invoking: MCU C Compiler
arm-none-eabi-gcc -D__USE_CMSIS=CMSISv2p00_LPC17xx -D_USE_DHCP_ -DDEBUG -D__CODE_RED -D_RDB1768_ -D__REDLIB__ -I"/home/fanaur/RepositorioMercurial/trabajoprofesional/Codigo/workspaceLpc/CMSISv2p00_LPC17xx/inc" -I"/home/fanaur/RepositorioMercurial/trabajoprofesional/Codigo/workspaceLpc/uIP_dhcp/main" -I"/home/fanaur/RepositorioMercurial/trabajoprofesional/Codigo/workspaceLpc/uIP_dhcp/main/lpc1700" -I"/home/fanaur/RepositorioMercurial/trabajoprofesional/Codigo/workspaceLpc/uIP_dhcp/uip" -I"/home/fanaur/RepositorioMercurial/trabajoprofesional/Codigo/workspaceLpc/uIP_dhcp/apps/webserver" -I"/home/fanaur/RepositorioMercurial/trabajoprofesional/Codigo/workspaceLpc/uIP_dhcp/apps/dhcpc" -O0 -g3 -c -fmessage-length=0 -fno-builtin -ffunction-sections -mcpu=cortex-m3 -mthumb -MMD -MP -MF"uip/uip-fw.d" -MT"uip/uip-fw.d" -o"uip/uip-fw.o" "../uip/uip-fw.c"
Finished building: ../uip/uip-fw.c
 
Building file: ../uip/uip-neighbor.c
Invoking: MCU C Compiler
arm-none-eabi-gcc -D__USE_CMSIS=CMSISv2p00_LPC17xx -D_USE_DHCP_ -DDEBUG -D__CODE_RED -D_RDB1768_ -D__REDLIB__ -I"/home/fanaur/RepositorioMercurial/trabajoprofesional/Codigo/workspaceLpc/CMSISv2p00_LPC17xx/inc" -I"/home/fanaur/RepositorioMercurial/trabajoprofesional/Codigo/workspaceLpc/uIP_dhcp/main" -I"/home/fanaur/RepositorioMercurial/trabajoprofesional/Codigo/workspaceLpc/uIP_dhcp/main/lpc1700" -I"/home/fanaur/RepositorioMercurial/trabajoprofesional/Codigo/workspaceLpc/uIP_dhcp/uip" -I"/home/fanaur/RepositorioMercurial/trabajoprofesional/Codigo/workspaceLpc/uIP_dhcp/apps/webserver" -I"/home/fanaur/RepositorioMercurial/trabajoprofesional/Codigo/workspaceLpc/uIP_dhcp/apps/dhcpc" -O0 -g3 -c -fmessage-length=0 -fno-builtin -ffunction-sections -mcpu=cortex-m3 -mthumb -MMD -MP -MF"uip/uip-neighbor.d" -MT"uip/uip-neighbor.d" -o"uip/uip-neighbor.o" "../uip/uip-neighbor.c"
Finished building: ../uip/uip-neighbor.c
 
Building file: ../uip/uip-split.c
Invoking: MCU C Compiler
arm-none-eabi-gcc -D__USE_CMSIS=CMSISv2p00_LPC17xx -D_USE_DHCP_ -DDEBUG -D__CODE_RED -D_RDB1768_ -D__REDLIB__ -I"/home/fanaur/RepositorioMercurial/trabajoprofesional/Codigo/workspaceLpc/CMSISv2p00_LPC17xx/inc" -I"/home/fanaur/RepositorioMercurial/trabajoprofesional/Codigo/workspaceLpc/uIP_dhcp/main" -I"/home/fanaur/RepositorioMercurial/trabajoprofesional/Codigo/workspaceLpc/uIP_dhcp/main/lpc1700" -I"/home/fanaur/RepositorioMercurial/trabajoprofesional/Codigo/workspaceLpc/uIP_dhcp/uip" -I"/home/fanaur/RepositorioMercurial/trabajoprofesional/Codigo/workspaceLpc/uIP_dhcp/apps/webserver" -I"/home/fanaur/RepositorioMercurial/trabajoprofesional/Codigo/workspaceLpc/uIP_dhcp/apps/dhcpc" -O0 -g3 -c -fmessage-length=0 -fno-builtin -ffunction-sections -mcpu=cortex-m3 -mthumb -MMD -MP -MF"uip/uip-split.d" -MT"uip/uip-split.d" -o"uip/uip-split.o" "../uip/uip-split.c"
Finished building: ../uip/uip-split.c
 
Building file: ../uip/uip.c
Invoking: MCU C Compiler
arm-none-eabi-gcc -D__USE_CMSIS=CMSISv2p00_LPC17xx -D_USE_DHCP_ -DDEBUG -D__CODE_RED -D_RDB1768_ -D__REDLIB__ -I"/home/fanaur/RepositorioMercurial/trabajoprofesional/Codigo/workspaceLpc/CMSISv2p00_LPC17xx/inc" -I"/home/fanaur/RepositorioMercurial/trabajoprofesional/Codigo/workspaceLpc/uIP_dhcp/main" -I"/home/fanaur/RepositorioMercurial/trabajoprofesional/Codigo/workspaceLpc/uIP_dhcp/main/lpc1700" -I"/home/fanaur/RepositorioMercurial/trabajoprofesional/Codigo/workspaceLpc/uIP_dhcp/uip" -I"/home/fanaur/RepositorioMercurial/trabajoprofesional/Codigo/workspaceLpc/uIP_dhcp/apps/webserver" -I"/home/fanaur/RepositorioMercurial/trabajoprofesional/Codigo/workspaceLpc/uIP_dhcp/apps/dhcpc" -O0 -g3 -c -fmessage-length=0 -fno-builtin -ffunction-sections -mcpu=cortex-m3 -mthumb -MMD -MP -MF"uip/uip.d" -MT"uip/uip.d" -o"uip/uip.o" "../uip/uip.c"
Finished building: ../uip/uip.c
 
Building file: ../uip/uip_arp.c
Invoking: MCU C Compiler
arm-none-eabi-gcc -D__USE_CMSIS=CMSISv2p00_LPC17xx -D_USE_DHCP_ -DDEBUG -D__CODE_RED -D_RDB1768_ -D__REDLIB__ -I"/home/fanaur/RepositorioMercurial/trabajoprofesional/Codigo/workspaceLpc/CMSISv2p00_LPC17xx/inc" -I"/home/fanaur/RepositorioMercurial/trabajoprofesional/Codigo/workspaceLpc/uIP_dhcp/main" -I"/home/fanaur/RepositorioMercurial/trabajoprofesional/Codigo/workspaceLpc/uIP_dhcp/main/lpc1700" -I"/home/fanaur/RepositorioMercurial/trabajoprofesional/Codigo/workspaceLpc/uIP_dhcp/uip" -I"/home/fanaur/RepositorioMercurial/trabajoprofesional/Codigo/workspaceLpc/uIP_dhcp/apps/webserver" -I"/home/fanaur/RepositorioMercurial/trabajoprofesional/Codigo/workspaceLpc/uIP_dhcp/apps/dhcpc" -O0 -g3 -c -fmessage-length=0 -fno-builtin -ffunction-sections -mcpu=cortex-m3 -mthumb -MMD -MP -MF"uip/uip_arp.d" -MT"uip/uip_arp.d" -o"uip/uip_arp.o" "../uip/uip_arp.c"
Finished building: ../uip/uip_arp.c
 
Building file: ../uip/uiplib.c
Invoking: MCU C Compiler
arm-none-eabi-gcc -D__USE_CMSIS=CMSISv2p00_LPC17xx -D_USE_DHCP_ -DDEBUG -D__CODE_RED -D_RDB1768_ -D__REDLIB__ -I"/home/fanaur/RepositorioMercurial/trabajoprofesional/Codigo/workspaceLpc/CMSISv2p00_LPC17xx/inc" -I"/home/fanaur/RepositorioMercurial/trabajoprofesional/Codigo/workspaceLpc/uIP_dhcp/main" -I"/home/fanaur/RepositorioMercurial/trabajoprofesional/Codigo/workspaceLpc/uIP_dhcp/main/lpc1700" -I"/home/fanaur/RepositorioMercurial/trabajoprofesional/Codigo/workspaceLpc/uIP_dhcp/uip" -I"/home/fanaur/RepositorioMercurial/trabajoprofesional/Codigo/workspaceLpc/uIP_dhcp/apps/webserver" -I"/home/fanaur/RepositorioMercurial/trabajoprofesional/Codigo/workspaceLpc/uIP_dhcp/apps/dhcpc" -O0 -g3 -c -fmessage-length=0 -fno-builtin -ffunction-sections -mcpu=cortex-m3 -mthumb -MMD -MP -MF"uip/uiplib.d" -MT"uip/uiplib.d" -o"uip/uiplib.o" "../uip/uiplib.c"
Finished building: ../uip/uiplib.c
 
Building file: ../src/cr_startup_lpc176x.c
Invoking: MCU C Compiler
arm-none-eabi-gcc -D__USE_CMSIS=CMSISv2p00_LPC17xx -D_USE_DHCP_ -DDEBUG -D__CODE_RED -D_RDB1768_ -D__REDLIB__ -I"/home/fanaur/RepositorioMercurial/trabajoprofesional/Codigo/workspaceLpc/CMSISv2p00_LPC17xx/inc" -I"/home/fanaur/RepositorioMercurial/trabajoprofesional/Codigo/workspaceLpc/uIP_dhcp/main" -I"/home/fanaur/RepositorioMercurial/trabajoprofesional/Codigo/workspaceLpc/uIP_dhcp/main/lpc1700" -I"/home/fanaur/RepositorioMercurial/trabajoprofesional/Codigo/workspaceLpc/uIP_dhcp/uip" -I"/home/fanaur/RepositorioMercurial/trabajoprofesional/Codigo/workspaceLpc/uIP_dhcp/apps/webserver" -I"/home/fanaur/RepositorioMercurial/trabajoprofesional/Codigo/workspaceLpc/uIP_dhcp/apps/dhcpc" -O0 -Os -g3 -c -fmessage-length=0 -fno-builtin -ffunction-sections -mcpu=cortex-m3 -mthumb -MMD -MP -MF"src/cr_startup_lpc176x.d" -MT"src/cr_startup_lpc176x.d" -o"src/cr_startup_lpc176x.o" "../src/cr_startup_lpc176x.c"
Finished building: ../src/cr_startup_lpc176x.c
 
Building file: ../main/clock-arch.c
Invoking: MCU C Compiler
arm-none-eabi-gcc -D__USE_CMSIS=CMSISv2p00_LPC17xx -D_USE_DHCP_ -DDEBUG -D__CODE_RED -D_RDB1768_ -D__REDLIB__ -I"/home/fanaur/RepositorioMercurial/trabajoprofesional/Codigo/workspaceLpc/CMSISv2p00_LPC17xx/inc" -I"/home/fanaur/RepositorioMercurial/trabajoprofesional/Codigo/workspaceLpc/uIP_dhcp/main" -I"/home/fanaur/RepositorioMercurial/trabajoprofesional/Codigo/workspaceLpc/uIP_dhcp/main/lpc1700" -I"/home/fanaur/RepositorioMercurial/trabajoprofesional/Codigo/workspaceLpc/uIP_dhcp/uip" -I"/home/fanaur/RepositorioMercurial/trabajoprofesional/Codigo/workspaceLpc/uIP_dhcp/apps/webserver" -I"/home/fanaur/RepositorioMercurial/trabajoprofesional/Codigo/workspaceLpc/uIP_dhcp/apps/dhcpc" -O0 -g3 -c -fmessage-length=0 -fno-builtin -ffunction-sections -mcpu=cortex-m3 -mthumb -MMD -MP -MF"main/clock-arch.d" -MT"main/clock-arch.d" -o"main/clock-arch.o" "../main/clock-arch.c"
Finished building: ../main/clock-arch.c
 
Building file: ../main/main.c
Invoking: MCU C Compiler
arm-none-eabi-gcc -D__USE_CMSIS=CMSISv2p00_LPC17xx -D_USE_DHCP_ -DDEBUG -D__CODE_RED -D_RDB1768_ -D__REDLIB__ -I"/home/fanaur/RepositorioMercurial/trabajoprofesional/Codigo/workspaceLpc/CMSISv2p00_LPC17xx/inc" -I"/home/fanaur/RepositorioMercurial/trabajoprofesional/Codigo/workspaceLpc/uIP_dhcp/main" -I"/home/fanaur/RepositorioMercurial/trabajoprofesional/Codigo/workspaceLpc/uIP_dhcp/main/lpc1700" -I"/home/fanaur/RepositorioMercurial/trabajoprofesional/Codigo/workspaceLpc/uIP_dhcp/uip" -I"/home/fanaur/RepositorioMercurial/trabajoprofesional/Codigo/workspaceLpc/uIP_dhcp/apps/webserver" -I"/home/fanaur/RepositorioMercurial/trabajoprofesional/Codigo/workspaceLpc/uIP_dhcp/apps/dhcpc" -O0 -g3 -c -fmessage-length=0 -fno-builtin -ffunction-sections -mcpu=cortex-m3 -mthumb -MMD -MP -MF"main/main.d" -MT"main/main.d" -o"main/main.o" "../main/main.c"
Finished building: ../main/main.c
 
Building file: ../main/tapdev.c
Invoking: MCU C Compiler
arm-none-eabi-gcc -D__USE_CMSIS=CMSISv2p00_LPC17xx -D_USE_DHCP_ -DDEBUG -D__CODE_RED -D_RDB1768_ -D__REDLIB__ -I"/home/fanaur/RepositorioMercurial/trabajoprofesional/Codigo/workspaceLpc/CMSISv2p00_LPC17xx/inc" -I"/home/fanaur/RepositorioMercurial/trabajoprofesional/Codigo/workspaceLpc/uIP_dhcp/main" -I"/home/fanaur/RepositorioMercurial/trabajoprofesional/Codigo/workspaceLpc/uIP_dhcp/main/lpc1700" -I"/home/fanaur/RepositorioMercurial/trabajoprofesional/Codigo/workspaceLpc/uIP_dhcp/uip" -I"/home/fanaur/RepositorioMercurial/trabajoprofesional/Codigo/workspaceLpc/uIP_dhcp/apps/webserver" -I"/home/fanaur/RepositorioMercurial/trabajoprofesional/Codigo/workspaceLpc/uIP_dhcp/apps/dhcpc" -O0 -g3 -c -fmessage-length=0 -fno-builtin -ffunction-sections -mcpu=cortex-m3 -mthumb -MMD -MP -MF"main/tapdev.d" -MT"main/tapdev.d" -o"main/tapdev.o" "../main/tapdev.c"
Finished building: ../main/tapdev.c
 
Building file: ../main/lpc1700/lpc17xx_emac.c
Invoking: MCU C Compiler
arm-none-eabi-gcc -D__USE_CMSIS=CMSISv2p00_LPC17xx -D_USE_DHCP_ -DDEBUG -D__CODE_RED -D_RDB1768_ -D__REDLIB__ -I"/home/fanaur/RepositorioMercurial/trabajoprofesional/Codigo/workspaceLpc/CMSISv2p00_LPC17xx/inc" -I"/home/fanaur/RepositorioMercurial/trabajoprofesional/Codigo/workspaceLpc/uIP_dhcp/main" -I"/home/fanaur/RepositorioMercurial/trabajoprofesional/Codigo/workspaceLpc/uIP_dhcp/main/lpc1700" -I"/home/fanaur/RepositorioMercurial/trabajoprofesional/Codigo/workspaceLpc/uIP_dhcp/uip" -I"/home/fanaur/RepositorioMercurial/trabajoprofesional/Codigo/workspaceLpc/uIP_dhcp/apps/webserver" -I"/home/fanaur/RepositorioMercurial/trabajoprofesional/Codigo/workspaceLpc/uIP_dhcp/apps/dhcpc" -O0 -g3 -c -fmessage-length=0 -fno-builtin -ffunction-sections -mcpu=cortex-m3 -mthumb -MMD -MP -MF"main/lpc1700/lpc17xx_emac.d" -MT"main/lpc1700/lpc17xx_emac.d" -o"main/lpc1700/lpc17xx_emac.o" "../main/lpc1700/lpc17xx_emac.c"
Finished building: ../main/lpc1700/lpc17xx_emac.c
 
Building file: ../main/lpc1700/lpc17xx_systick.c
Invoking: MCU C Compiler
arm-none-eabi-gcc -D__USE_CMSIS=CMSISv2p00_LPC17xx -D_USE_DHCP_ -DDEBUG -D__CODE_RED -D_RDB1768_ -D__REDLIB__ -I"/home/fanaur/RepositorioMercurial/trabajoprofesional/Codigo/workspaceLpc/CMSISv2p00_LPC17xx/inc" -I"/home/fanaur/RepositorioMercurial/trabajoprofesional/Codigo/workspaceLpc/uIP_dhcp/main" -I"/home/fanaur/RepositorioMercurial/trabajoprofesional/Codigo/workspaceLpc/uIP_dhcp/main/lpc1700" -I"/home/fanaur/RepositorioMercurial/trabajoprofesional/Codigo/workspaceLpc/uIP_dhcp/uip" -I"/home/fanaur/RepositorioMercurial/trabajoprofesional/Codigo/workspaceLpc/uIP_dhcp/apps/webserver" -I"/home/fanaur/RepositorioMercurial/trabajoprofesional/Codigo/workspaceLpc/uIP_dhcp/apps/dhcpc" -O0 -g3 -c -fmessage-length=0 -fno-builtin -ffunction-sections -mcpu=cortex-m3 -mthumb -MMD -MP -MF"main/lpc1700/lpc17xx_systick.d" -MT"main/lpc1700/lpc17xx_systick.d" -o"main/lpc1700/lpc17xx_systick.o" "../main/lpc1700/lpc17xx_systick.c"
Finished building: ../main/lpc1700/lpc17xx_systick.c
 
Building file: ../apps/webserver/http-strings.c
Invoking: MCU C Compiler
arm-none-eabi-gcc -D__USE_CMSIS=CMSISv2p00_LPC17xx -D_USE_DHCP_ -DDEBUG -D__CODE_RED -D_RDB1768_ -D__REDLIB__ -I"/home/fanaur/RepositorioMercurial/trabajoprofesional/Codigo/workspaceLpc/CMSISv2p00_LPC17xx/inc" -I"/home/fanaur/RepositorioMercurial/trabajoprofesional/Codigo/workspaceLpc/uIP_dhcp/main" -I"/home/fanaur/RepositorioMercurial/trabajoprofesional/Codigo/workspaceLpc/uIP_dhcp/main/lpc1700" -I"/home/fanaur/RepositorioMercurial/trabajoprofesional/Codigo/workspaceLpc/uIP_dhcp/uip" -I"/home/fanaur/RepositorioMercurial/trabajoprofesional/Codigo/workspaceLpc/uIP_dhcp/apps/webserver" -I"/home/fanaur/RepositorioMercurial/trabajoprofesional/Codigo/workspaceLpc/uIP_dhcp/apps/dhcpc" -O0 -g3 -c -fmessage-length=0 -fno-builtin -ffunction-sections -mcpu=cortex-m3 -mthumb -MMD -MP -MF"apps/webserver/http-strings.d" -MT"apps/webserver/http-strings.d" -o"apps/webserver/http-strings.o" "../apps/webserver/http-strings.c"
Finished building: ../apps/webserver/http-strings.c
 
Building file: ../apps/webserver/httpd-cgi.c
Invoking: MCU C Compiler
arm-none-eabi-gcc -D__USE_CMSIS=CMSISv2p00_LPC17xx -D_USE_DHCP_ -DDEBUG -D__CODE_RED -D_RDB1768_ -D__REDLIB__ -I"/home/fanaur/RepositorioMercurial/trabajoprofesional/Codigo/workspaceLpc/CMSISv2p00_LPC17xx/inc" -I"/home/fanaur/RepositorioMercurial/trabajoprofesional/Codigo/workspaceLpc/uIP_dhcp/main" -I"/home/fanaur/RepositorioMercurial/trabajoprofesional/Codigo/workspaceLpc/uIP_dhcp/main/lpc1700" -I"/home/fanaur/RepositorioMercurial/trabajoprofesional/Codigo/workspaceLpc/uIP_dhcp/uip" -I"/home/fanaur/RepositorioMercurial/trabajoprofesional/Codigo/workspaceLpc/uIP_dhcp/apps/webserver" -I"/home/fanaur/RepositorioMercurial/trabajoprofesional/Codigo/workspaceLpc/uIP_dhcp/apps/dhcpc" -O0 -g3 -c -fmessage-length=0 -fno-builtin -ffunction-sections -mcpu=cortex-m3 -mthumb -MMD -MP -MF"apps/webserver/httpd-cgi.d" -MT"apps/webserver/httpd-cgi.d" -o"apps/webserver/httpd-cgi.o" "../apps/webserver/httpd-cgi.c"
Finished building: ../apps/webserver/httpd-cgi.c
 
Building file: ../apps/webserver/httpd-fs.c
Invoking: MCU C Compiler
arm-none-eabi-gcc -D__USE_CMSIS=CMSISv2p00_LPC17xx -D_USE_DHCP_ -DDEBUG -D__CODE_RED -D_RDB1768_ -D__REDLIB__ -I"/home/fanaur/RepositorioMercurial/trabajoprofesional/Codigo/workspaceLpc/CMSISv2p00_LPC17xx/inc" -I"/home/fanaur/RepositorioMercurial/trabajoprofesional/Codigo/workspaceLpc/uIP_dhcp/main" -I"/home/fanaur/RepositorioMercurial/trabajoprofesional/Codigo/workspaceLpc/uIP_dhcp/main/lpc1700" -I"/home/fanaur/RepositorioMercurial/trabajoprofesional/Codigo/workspaceLpc/uIP_dhcp/uip" -I"/home/fanaur/RepositorioMercurial/trabajoprofesional/Codigo/workspaceLpc/uIP_dhcp/apps/webserver" -I"/home/fanaur/RepositorioMercurial/trabajoprofesional/Codigo/workspaceLpc/uIP_dhcp/apps/dhcpc" -O0 -g3 -c -fmessage-length=0 -fno-builtin -ffunction-sections -mcpu=cortex-m3 -mthumb -MMD -MP -MF"apps/webserver/httpd-fs.d" -MT"apps/webserver/httpd-fs.d" -o"apps/webserver/httpd-fs.o" "../apps/webserver/httpd-fs.c"
Finished building: ../apps/webserver/httpd-fs.c
 
Building file: ../apps/webserver/httpd.c
Invoking: MCU C Compiler
arm-none-eabi-gcc -D__USE_CMSIS=CMSISv2p00_LPC17xx -D_USE_DHCP_ -DDEBUG -D__CODE_RED -D_RDB1768_ -D__REDLIB__ -I"/home/fanaur/RepositorioMercurial/trabajoprofesional/Codigo/workspaceLpc/CMSISv2p00_LPC17xx/inc" -I"/home/fanaur/RepositorioMercurial/trabajoprofesional/Codigo/workspaceLpc/uIP_dhcp/main" -I"/home/fanaur/RepositorioMercurial/trabajoprofesional/Codigo/workspaceLpc/uIP_dhcp/main/lpc1700" -I"/home/fanaur/RepositorioMercurial/trabajoprofesional/Codigo/workspaceLpc/uIP_dhcp/uip" -I"/home/fanaur/RepositorioMercurial/trabajoprofesional/Codigo/workspaceLpc/uIP_dhcp/apps/webserver" -I"/home/fanaur/RepositorioMercurial/trabajoprofesional/Codigo/workspaceLpc/uIP_dhcp/apps/dhcpc" -O0 -g3 -c -fmessage-length=0 -fno-builtin -ffunction-sections -mcpu=cortex-m3 -mthumb -MMD -MP -MF"apps/webserver/httpd.d" -MT"apps/webserver/httpd.d" -o"apps/webserver/httpd.o" "../apps/webserver/httpd.c"
Finished building: ../apps/webserver/httpd.c
 
Building file: ../apps/dhcpc/dhcpc.c
Invoking: MCU C Compiler
arm-none-eabi-gcc -D__USE_CMSIS=CMSISv2p00_LPC17xx -D_USE_DHCP_ -DDEBUG -D__CODE_RED -D_RDB1768_ -D__REDLIB__ -I"/home/fanaur/RepositorioMercurial/trabajoprofesional/Codigo/workspaceLpc/CMSISv2p00_LPC17xx/inc" -I"/home/fanaur/RepositorioMercurial/trabajoprofesional/Codigo/workspaceLpc/uIP_dhcp/main" -I"/home/fanaur/RepositorioMercurial/trabajoprofesional/Codigo/workspaceLpc/uIP_dhcp/main/lpc1700" -I"/home/fanaur/RepositorioMercurial/trabajoprofesional/Codigo/workspaceLpc/uIP_dhcp/uip" -I"/home/fanaur/RepositorioMercurial/trabajoprofesional/Codigo/workspaceLpc/uIP_dhcp/apps/webserver" -I"/home/fanaur/RepositorioMercurial/trabajoprofesional/Codigo/workspaceLpc/uIP_dhcp/apps/dhcpc" -O0 -g3 -c -fmessage-length=0 -fno-builtin -ffunction-sections -mcpu=cortex-m3 -mthumb -MMD -MP -MF"apps/dhcpc/dhcpc.d" -MT"apps/dhcpc/dhcpc.d" -o"apps/dhcpc/dhcpc.o" "../apps/dhcpc/dhcpc.c"
Finished building: ../apps/dhcpc/dhcpc.c
 
Building target: uIP_dhcp.axf
Invoking: MCU Linker
arm-none-eabi-gcc -nostdlib -L"/home/fanaur/RepositorioMercurial/trabajoprofesional/Codigo/workspaceLpc/CMSISv2p00_LPC17xx/Debug" -Xlinker --gc-sections -Xlinker -Map=uIP_dhcp.map -mcpu=cortex-m3 -mthumb -T "RDB1768cmsis_uIP_dhcp_Debug.ld" -o"uIP_dhcp.axf"  ./uip/psock.o ./uip/timer.o ./uip/uip-fw.o ./uip/uip-neighbor.o ./uip/uip-split.o ./uip/uip.o ./uip/uip_arp.o ./uip/uiplib.o  ./src/cr_startup_lpc176x.o  ./main/clock-arch.o ./main/main.o ./main/tapdev.o  ./main/lpc1700/lpc17xx_emac.o ./main/lpc1700/lpc17xx_systick.o  ./apps/webserver/http-strings.o ./apps/webserver/httpd-cgi.o ./apps/webserver/httpd-fs.o ./apps/webserver/httpd.o  ./apps/dhcpc/dhcpc.o   -lCMSISv2p00_LPC17xx
Finished building target: uIP_dhcp.axf
 
make --no-print-directory post-build
Performing post-build steps
arm-none-eabi-size uIP_dhcp.axf; arm-none-eabi-objcopy -O binary uIP_dhcp.axf uIP_dhcp.bin ; checksum -p LPC1768 -d uIP_dhcp.bin;
   text	   data	    bss	    dec	    hex	filename
  42672	     64	  11048	  53784	   d218	uIP_dhcp.axf
Created checksum 0xfa79ffef in uIP_dhcp.bin at offset 0x1c 
